#
# There is insufficient memory for the Java Runtime Environment to continue.
# Native memory allocation (malloc) failed to allocate 871616 bytes for Chunk::new
# Possible reasons:
#   The system is out of physical RAM or swap space
#   The process is running with CompressedOops enabled, and the Java Heap may be blocking the growth of the native heap
# Possible solutions:
#   Reduce memory load on the system
#   Increase physical memory or swap space
#   Check if swap backing store is full
#   Decrease Java heap size (-Xmx/-Xms)
#   Decrease number of Java threads
#   Decrease Java thread stack sizes (-Xss)
#   Set larger code cache with -XX:ReservedCodeCacheSize=
#   JVM is running with Unscaled Compressed Oops mode in which the Java heap is
#     placed in the first 4GB address space. The Java Heap base address is the
#     maximum limit for the native heap growth. Please use -XX:HeapBaseMinAddress
#     to set the Java Heap base and to place the Java Heap above 4GB virtual address.
# This output file may be truncated or incomplete.
#
#  Out of Memory Error (allocation.cpp:389), pid=125584, tid=0x0000000000020d7c
#
# JRE version: OpenJDK Runtime Environment (8.0_202-b03) (build 1.8.0_202-release-1483-b03)
# Java VM: OpenJDK 64-Bit Server VM (25.202-b03 mixed mode windows-amd64 compressed oops)
# Failed to write core dump. Minidumps are not enabled by default on client versions of Windows
#

---------------  T H R E A D  ---------------

Current thread (0x0000000017fd9000):  JavaThread "C2 CompilerThread1" daemon [_thread_in_native, id=134524, stack(0x00000000186d0000,0x00000000187d0000)]

Stack: [0x00000000186d0000,0x00000000187d0000]
[error occurred during error reporting (printing stack bounds), id 0xc0000005]

Native frames: (J=compiled Java code, j=interpreted, Vv=VM code, C=native code)


Current CompileTask:
C2: 445022 8143       4       java.io.ObjectOutputStream::writeClassDesc (60 bytes)


---------------  P R O C E S S  ---------------

Java Threads: ( => current thread )
  0x0000000018fbd800 JavaThread "Cache worker for execution history cache (E:\椤圭\ProjectTraining\Project\CatchTime\.gradle\5.4.1\executionHistory)" [_thread_blocked, id=129072, stack(0x00000000255d0000,0x00000000256d0000)]
  0x0000000018220800 JavaThread "Execution worker for ':' Thread 3" [_thread_in_vm, id=125240, stack(0x0000000024500000,0x0000000024600000)]
  0x0000000018220000 JavaThread "Execution worker for ':' Thread 2" [_thread_blocked, id=132412, stack(0x0000000024400000,0x0000000024500000)]
  0x000000001821f000 JavaThread "Execution worker for ':'" [_thread_in_vm, id=106684, stack(0x0000000024300000,0x0000000024400000)]
  0x0000000018222000 JavaThread "Cache worker for file content cache (E:\椤圭\ProjectTraining\Project\CatchTime\.gradle\5.4.1\fileContent)" [_thread_blocked, id=130232, stack(0x0000000023a00000,0x0000000023b00000)]
  0x0000000018225800 JavaThread "Cache worker for file content cache (C:\Users\Mac\.gradle\caches\5.4.1\fileContent)" [_thread_blocked, id=113204, stack(0x0000000023900000,0x0000000023a00000)]
  0x0000000018224000 JavaThread "Memory manager" [_thread_blocked, id=123676, stack(0x0000000023600000,0x0000000023700000)]
  0x0000000018221800 JavaThread "Cache worker for Build Output Cleanup Cache (E:\椤圭\ProjectTraining\Project\CatchTime\.gradle\buildOutputCleanup)" [_thread_blocked, id=136620, stack(0x00000000218a0000,0x00000000219a0000)]
  0x000000001821e800 JavaThread "pool-1-thread-1" [_thread_blocked, id=136880, stack(0x00000000215a0000,0x00000000216a0000)]
  0x000000001821d000 JavaThread "Build operations Thread 4" [_thread_blocked, id=120920, stack(0x00000000210a0000,0x00000000211a0000)]
  0x000000001821b800 JavaThread "Build operations Thread 3" [_thread_blocked, id=133548, stack(0x0000000020fa0000,0x00000000210a0000)]
  0x000000001821a800 JavaThread "Build operations Thread 2" [_thread_blocked, id=135488, stack(0x0000000020ea0000,0x0000000020fa0000)]
  0x000000001821a000 JavaThread "Build operations" [_thread_blocked, id=131588, stack(0x0000000020da0000,0x0000000020ea0000)]
  0x0000000018219000 JavaThread "Cache worker for execution history cache (C:\Users\Mac\.gradle\caches\5.4.1\executionHistory)" [_thread_blocked, id=133552, stack(0x0000000020ca0000,0x0000000020da0000)]
  0x000000001821d800 JavaThread "Cache worker for cache directory md-rule (C:\Users\Mac\.gradle\caches\5.4.1\md-rule)" [_thread_blocked, id=129772, stack(0x000000001ee30000,0x000000001ef30000)]
  0x000000001821c000 JavaThread "Cache worker for cache directory md-supplier (C:\Users\Mac\.gradle\caches\5.4.1\md-supplier)" [_thread_blocked, id=133256, stack(0x000000001ea60000,0x000000001eb60000)]
  0x0000000018e25800 JavaThread "Cache worker for file hash cache (E:\椤圭\ProjectTraining\Project\CatchTime\.gradle\5.4.1\fileHashes)" [_thread_blocked, id=131556, stack(0x000000001d970000,0x000000001da70000)]
  0x0000000018e2a000 JavaThread "Cache worker for journal cache (C:\Users\Mac\.gradle\caches\journal-1)" [_thread_blocked, id=125400, stack(0x000000001b550000,0x000000001b650000)]
  0x0000000018e2a800 JavaThread "File lock request listener" [_thread_in_native, id=134636, stack(0x000000001b450000,0x000000001b550000)]
  0x0000000018e29000 JavaThread "Cache worker for file hash cache (C:\Users\Mac\.gradle\caches\5.4.1\fileHashes)" [_thread_blocked, id=134972, stack(0x000000001b150000,0x000000001b250000)]
  0x00000000182af800 JavaThread "Thread-9" [_thread_blocked, id=136640, stack(0x000000001b050000,0x000000001b150000)]
  0x0000000018f0c800 JavaThread "Asynchronous log dispatcher for DefaultDaemonConnection: socket connection from /127.0.0.1:46665 to /127.0.0.1:46666" [_thread_blocked, id=137056, stack(0x000000001ae50000,0x000000001af50000)]
  0x0000000019f1a000 JavaThread "Daemon worker" [_thread_blocked, id=136416, stack(0x000000001ad50000,0x000000001ae50000)]
  0x0000000018187800 JavaThread "Cancel handler" [_thread_blocked, id=118208, stack(0x000000001ac50000,0x000000001ad50000)]
  0x000000001824d000 JavaThread "Handler for socket connection from /127.0.0.1:46665 to /127.0.0.1:46666" [_thread_in_native, id=129212, stack(0x000000001a950000,0x000000001aa50000)]
  0x0000000018140800 JavaThread "Daemon" [_thread_blocked, id=136496, stack(0x000000001a850000,0x000000001a950000)]
  0x00000000181fc800 JavaThread "Daemon periodic checks" [_thread_blocked, id=134388, stack(0x000000001a750000,0x000000001a850000)]
  0x0000000019f6b000 JavaThread "Incoming local TCP Connector on port 46665" [_thread_in_native, id=129856, stack(0x000000001a5a0000,0x000000001a6a0000)]
  0x00000000197f6800 JavaThread "Daemon health stats" [_thread_blocked, id=135500, stack(0x000000001a2a0000,0x000000001a3a0000)]
  0x0000000018053800 JavaThread "Service Thread" daemon [_thread_blocked, id=136572, stack(0x00000000188d0000,0x00000000189d0000)]
  0x0000000017fe1000 JavaThread "C1 CompilerThread2" daemon [_thread_blocked, id=131160, stack(0x00000000187d0000,0x00000000188d0000)]
=>0x0000000017fd9000 JavaThread "C2 CompilerThread1" daemon [_thread_in_native, id=134524, stack(0x00000000186d0000,0x00000000187d0000)]
  0x0000000016c7f000 JavaThread "C2 CompilerThread0" daemon [_thread_in_native, id=136520, stack(0x00000000185d0000,0x00000000186d0000)]
  0x0000000016cce800 JavaThread "Attach Listener" daemon [_thread_blocked, id=135080, stack(0x00000000184d0000,0x00000000185d0000)]
  0x0000000017fd8800 JavaThread "Signal Dispatcher" daemon [_thread_blocked, id=98456, stack(0x00000000183d0000,0x00000000184d0000)]
  0x00000000032fd800 JavaThread "Finalizer" daemon [_thread_blocked, id=136556, stack(0x0000000017ed0000,0x0000000017fd0000)]
  0x0000000016c59000 JavaThread "Reference Handler" daemon [_thread_blocked, id=134928, stack(0x0000000017dd0000,0x0000000017ed0000)]
  0x000000000151e000 JavaThread "main" [_thread_blocked, id=134948, stack(0x0000000002d40000,0x0000000002e40000)]

Other Threads:
  0x0000000016c36800 VMThread [stack: 0x0000000017cd0000,0x0000000017dd0000] [id=134460]
  0x0000000018055800 WatcherThread [stack: 0x00000000189d0000,0x0000000018ad0000] [id=3556]

VM state:not at safepoint (normal execution)

VM Mutex/Monitor currently owned by a thread: None

OutOfMemory and StackOverflow Exception counts:
OutOfMemoryError java_heap_errors=1

heap address: 0x00000000a0000000, size: 1536 MB, Compressed Oops mode: 32-bit
Narrow klass base: 0x0000000000000000, Narrow klass shift: 3
Compressed class space size: 1073741824 Address: 0x0000000100000000

Heap:
 PSYoungGen      total 171520K, used 117039K [0x00000000e0000000, 0x00000000eb680000, 0x0000000100000000)
  eden space 156160K, 67% used [0x00000000e0000000,0x00000000e66b82e0,0x00000000e9880000)
  from space 15360K, 77% used [0x00000000e9880000,0x00000000ea413bb8,0x00000000ea780000)
  to   space 13312K, 0% used [0x00000000ea980000,0x00000000ea980000,0x00000000eb680000)
 ParOldGen       total 116224K, used 34292K [0x00000000a0000000, 0x00000000a7180000, 0x00000000e0000000)
  object space 116224K, 29% used [0x00000000a0000000,0x00000000a217d0c8,0x00000000a7180000)
 Metaspace       used 63854K, capacity 66038K, committed 66344K, reserved 1105920K
  class space    used 8630K, capacity 9202K, committed 9256K, reserved 1048576K

Card table byte_map: [0x00000000126c0000,0x00000000129d0000] byte_map_base: 0x00000000121c0000

Marking Bits: (ParMarkBitMap*) 0x000000006d0a9f30
 Begin Bits: [0x0000000012fd0000, 0x00000000147d0000)
 End Bits:   [0x00000000147d0000, 0x0000000015fd0000)

Polling page: 0x0000000000f80000

CodeCache: size=245760Kb used=23248Kb max_used=23248Kb free=222511Kb
 bounds [0x0000000003300000, 0x00000000049d0000, 0x0000000012300000]
 total_blobs=8038 nmethods=7222 adapters=728
 compilation: enabled

Compilation events (10 events):
Event: 444.975 Thread 0x0000000017fe1000 8156       3       java.io.ObjectOutputStream$BlockDataOutputStream::writeBlockHeader (70 bytes)
Event: 444.976 Thread 0x0000000017fe1000 nmethod 8156 0x0000000003e37450 code [0x0000000003e375e0, 0x0000000003e379e8]
Event: 444.985 Thread 0x0000000017fe1000 8157       3       java.security.Provider::access$1000 (4 bytes)
Event: 444.985 Thread 0x0000000017fe1000 nmethod 8157 0x0000000003caae90 code [0x0000000003caafe0, 0x0000000003cab110]
Event: 444.986 Thread 0x0000000017fe1000 8158       3       sun.reflect.ClassFileAssembler::decStack (11 bytes)
Event: 444.987 Thread 0x0000000017fe1000 nmethod 8158 0x0000000003cf2710 code [0x0000000003cf2860, 0x0000000003cf29b0]
Event: 444.989 Thread 0x0000000017fe1000 8159   !   3       java.lang.Class::newInstance (155 bytes)
Event: 444.991 Thread 0x0000000017fe1000 nmethod 8159 0x00000000049c8550 code [0x00000000049c8860, 0x00000000049c9d58]
Event: 444.992 Thread 0x0000000017fe1000 8160       3       java.lang.Class$1::run (5 bytes)
Event: 444.993 Thread 0x0000000017fe1000 nmethod 8160 0x000000000383da50 code [0x000000000383dc00, 0x000000000383e0b8]

GC Heap History (10 events):
Event: 29.150 GC heap before
{Heap before GC invocations=14 (full 2):
 PSYoungGen      total 85504K, used 75776K [0x00000000e0000000, 0x00000000e8200000, 0x0000000100000000)
  eden space 75776K, 100% used [0x00000000e0000000,0x00000000e4a00000,0x00000000e4a00000)
  from space 9728K, 0% used [0x00000000e4a00000,0x00000000e4a00000,0x00000000e5380000)
  to   space 10752K, 0% used [0x00000000e7780000,0x00000000e7780000,0x00000000e8200000)
 ParOldGen       total 77824K, used 15432K [0x00000000a0000000, 0x00000000a4c00000, 0x00000000e0000000)
  object space 77824K, 19% used [0x00000000a0000000,0x00000000a0f12018,0x00000000a4c00000)
 Metaspace       used 42923K, capacity 43946K, committed 44072K, reserved 1087488K
  class space    used 5808K, capacity 6095K, committed 6184K, reserved 1048576K
Event: 29.243 GC heap after
Heap after GC invocations=14 (full 2):
 PSYoungGen      total 121344K, used 10519K [0x00000000e0000000, 0x00000000e8300000, 0x0000000100000000)
  eden space 110592K, 0% used [0x00000000e0000000,0x00000000e0000000,0x00000000e6c00000)
  from space 10752K, 97% used [0x00000000e7780000,0x00000000e81c5f68,0x00000000e8200000)
  to   space 11776K, 0% used [0x00000000e6c00000,0x00000000e6c00000,0x00000000e7780000)
 ParOldGen       total 77824K, used 15440K [0x00000000a0000000, 0x00000000a4c00000, 0x00000000e0000000)
  object space 77824K, 19% used [0x00000000a0000000,0x00000000a0f14018,0x00000000a4c00000)
 Metaspace       used 42923K, capacity 43946K, committed 44072K, reserved 1087488K
  class space    used 5808K, capacity 6095K, committed 6184K, reserved 1048576K
}
Event: 33.931 GC heap before
{Heap before GC invocations=15 (full 2):
 PSYoungGen      total 121344K, used 121111K [0x00000000e0000000, 0x00000000e8300000, 0x0000000100000000)
  eden space 110592K, 100% used [0x00000000e0000000,0x00000000e6c00000,0x00000000e6c00000)
  from space 10752K, 97% used [0x00000000e7780000,0x00000000e81c5f68,0x00000000e8200000)
  to   space 11776K, 0% used [0x00000000e6c00000,0x00000000e6c00000,0x00000000e7780000)
 ParOldGen       total 77824K, used 15440K [0x00000000a0000000, 0x00000000a4c00000, 0x00000000e0000000)
  object space 77824K, 19% used [0x00000000a0000000,0x00000000a0f14018,0x00000000a4c00000)
 Metaspace       used 50488K, capacity 51840K, committed 52136K, reserved 1093632K
  class space    used 6811K, capacity 7235K, committed 7336K, reserved 1048576K
Event: 33.963 GC heap after
Heap after GC invocations=15 (full 2):
 PSYoungGen      total 122368K, used 11762K [0x00000000e0000000, 0x00000000eb880000, 0x0000000100000000)
  eden space 110592K, 0% used [0x00000000e0000000,0x00000000e0000000,0x00000000e6c00000)
  from space 11776K, 99% used [0x00000000e6c00000,0x00000000e777ca40,0x00000000e7780000)
  to   space 15360K, 0% used [0x00000000ea980000,0x00000000ea980000,0x00000000eb880000)
 ParOldGen       total 77824K, used 21192K [0x00000000a0000000, 0x00000000a4c00000, 0x00000000e0000000)
  object space 77824K, 27% used [0x00000000a0000000,0x00000000a14b2308,0x00000000a4c00000)
 Metaspace       used 50488K, capacity 51840K, committed 52136K, reserved 1093632K
  class space    used 6811K, capacity 7235K, committed 7336K, reserved 1048576K
}
Event: 37.184 GC heap before
{Heap before GC invocations=16 (full 2):
 PSYoungGen      total 122368K, used 96151K [0x00000000e0000000, 0x00000000eb880000, 0x0000000100000000)
  eden space 110592K, 76% used [0x00000000e0000000,0x00000000e5269360,0x00000000e6c00000)
  from space 11776K, 99% used [0x00000000e6c00000,0x00000000e777ca40,0x00000000e7780000)
  to   space 15360K, 0% used [0x00000000ea980000,0x00000000ea980000,0x00000000eb880000)
 ParOldGen       total 77824K, used 21192K [0x00000000a0000000, 0x00000000a4c00000, 0x00000000e0000000)
  object space 77824K, 27% used [0x00000000a0000000,0x00000000a14b2308,0x00000000a4c00000)
 Metaspace       used 57390K, capacity 59032K, committed 59160K, reserved 1099776K
  class space    used 7825K, capacity 8292K, committed 8360K, reserved 1048576K
Event: 37.207 GC heap after
Heap after GC invocations=16 (full 2):
 PSYoungGen      total 169472K, used 8886K [0x00000000e0000000, 0x00000000eb680000, 0x0000000100000000)
  eden space 156160K, 0% used [0x00000000e0000000,0x00000000e0000000,0x00000000e9880000)
  from space 13312K, 66% used [0x00000000ea980000,0x00000000eb22d988,0x00000000eb680000)
  to   space 15360K, 0% used [0x00000000e9880000,0x00000000e9880000,0x00000000ea780000)
 ParOldGen       total 77824K, used 27318K [0x00000000a0000000, 0x00000000a4c00000, 0x00000000e0000000)
  object space 77824K, 35% used [0x00000000a0000000,0x00000000a1aadba8,0x00000000a4c00000)
 Metaspace       used 57390K, capacity 59032K, committed 59160K, reserved 1099776K
  class space    used 7825K, capacity 8292K, committed 8360K, reserved 1048576K
}
Event: 37.207 GC heap before
{Heap before GC invocations=17 (full 3):
 PSYoungGen      total 169472K, used 8886K [0x00000000e0000000, 0x00000000eb680000, 0x0000000100000000)
  eden space 156160K, 0% used [0x00000000e0000000,0x00000000e0000000,0x00000000e9880000)
  from space 13312K, 66% used [0x00000000ea980000,0x00000000eb22d988,0x00000000eb680000)
  to   space 15360K, 0% used [0x00000000e9880000,0x00000000e9880000,0x00000000ea780000)
 ParOldGen       total 77824K, used 27318K [0x00000000a0000000, 0x00000000a4c00000, 0x00000000e0000000)
  object space 77824K, 35% used [0x00000000a0000000,0x00000000a1aadba8,0x00000000a4c00000)
 Metaspace       used 57390K, capacity 59032K, committed 59160K, reserved 1099776K
  class space    used 7825K, capacity 8292K, committed 8360K, reserved 1048576K
Event: 37.645 GC heap after
Heap after GC invocations=17 (full 3):
 PSYoungGen      total 169472K, used 0K [0x00000000e0000000, 0x00000000eb680000, 0x0000000100000000)
  eden space 156160K, 0% used [0x00000000e0000000,0x00000000e0000000,0x00000000e9880000)
  from space 13312K, 0% used [0x00000000ea980000,0x00000000ea980000,0x00000000eb680000)
  to   space 15360K, 0% used [0x00000000e9880000,0x00000000e9880000,0x00000000ea780000)
 ParOldGen       total 116224K, used 34284K [0x00000000a0000000, 0x00000000a7180000, 0x00000000e0000000)
  object space 116224K, 29% used [0x00000000a0000000,0x00000000a217b0c8,0x00000000a7180000)
 Metaspace       used 57390K, capacity 59032K, committed 59160K, reserved 1099776K
  class space    used 7825K, capacity 8292K, committed 8360K, reserved 1048576K
}
Event: 441.088 GC heap before
{Heap before GC invocations=18 (full 3):
 PSYoungGen      total 169472K, used 156160K [0x00000000e0000000, 0x00000000eb680000, 0x0000000100000000)
  eden space 156160K, 100% used [0x00000000e0000000,0x00000000e9880000,0x00000000e9880000)
  from space 13312K, 0% used [0x00000000ea980000,0x00000000ea980000,0x00000000eb680000)
  to   space 15360K, 0% used [0x00000000e9880000,0x00000000e9880000,0x00000000ea780000)
 ParOldGen       total 116224K, used 34284K [0x00000000a0000000, 0x00000000a7180000, 0x00000000e0000000)
  object space 116224K, 29% used [0x00000000a0000000,0x00000000a217b0c8,0x00000000a7180000)
 Metaspace       used 62024K, capacity 64114K, committed 64296K, reserved 1103872K
  class space    used 8392K, capacity 8926K, committed 9000K, reserved 1048576K
Event: 441.115 GC heap after
Heap after GC invocations=18 (full 3):
 PSYoungGen      total 171520K, used 11854K [0x00000000e0000000, 0x00000000eb680000, 0x0000000100000000)
  eden space 156160K, 0% used [0x00000000e0000000,0x00000000e0000000,0x00000000e9880000)
  from space 15360K, 77% used [0x00000000e9880000,0x00000000ea413bb8,0x00000000ea780000)
  to   space 13312K, 0% used [0x00000000ea980000,0x00000000ea980000,0x00000000eb680000)
 ParOldGen       total 116224K, used 34292K [0x00000000a0000000, 0x00000000a7180000, 0x00000000e0000000)
  object space 116224K, 29% used [0x00000000a0000000,0x00000000a217d0c8,0x00000000a7180000)
 Metaspace       used 62024K, capacity 64114K, committed 64296K, reserved 1103872K
  class space    used 8392K, capacity 8926K, committed 9000K, reserved 1048576K
}

Deoptimization events (10 events):
Event: 441.437 Thread 0x0000000019f1a000 Uncommon trap: reason=class_check action=maybe_recompile pc=0x00000000047339f0 method=com.google.common.collect.NaturalOrdering.compare(Ljava/lang/Object;Ljava/lang/Object;)I @ 2
Event: 441.451 Thread 0x0000000019f1a000 Uncommon trap: reason=null_assert action=make_not_entrant pc=0x00000000047a7980 method=com.google.common.cache.LocalCache.processPendingNotifications()V @ 9
Event: 442.030 Thread 0x0000000018fbd800 Uncommon trap: reason=unstable_if action=reinterpret pc=0x0000000003ca01f8 method=com.esotericsoftware.kryo.io.Input.require(I)I @ 65
Event: 443.102 Thread 0x0000000018220000 Uncommon trap: reason=class_check action=maybe_recompile pc=0x00000000048b37d0 method=java.io.ObjectOutputStream$BlockDataOutputStream.drain()V @ 36
Event: 443.106 Thread 0x0000000018220000 Uncommon trap: reason=class_check action=maybe_recompile pc=0x00000000048b37d0 method=java.io.ObjectOutputStream$BlockDataOutputStream.drain()V @ 36
Event: 443.106 Thread 0x0000000018220000 Uncommon trap: reason=class_check action=maybe_recompile pc=0x00000000048b37d0 method=java.io.ObjectOutputStream$BlockDataOutputStream.drain()V @ 36
Event: 443.107 Thread 0x0000000018220000 Uncommon trap: reason=class_check action=maybe_recompile pc=0x00000000048b37d0 method=java.io.ObjectOutputStream$BlockDataOutputStream.drain()V @ 36
Event: 443.812 Thread 0x0000000018220000 Uncommon trap: reason=unstable_if action=reinterpret pc=0x000000000491dbc8 method=org.gradle.internal.snapshot.impl.DirectorySnapshotter$1.isAllowed(Ljava/nio/file/Path;Ljava/lang/String;ZLjava/nio/file/attribute/BasicFileAttributes;Ljava/lang/Iterable;)Z
Event: 444.415 Thread 0x000000001821f000 Uncommon trap: reason=unstable_if action=reinterpret pc=0x0000000004769270 method=java.util.concurrent.ConcurrentHashMap.addCount(JI)V @ 97
Event: 444.743 Thread 0x000000001821f000 Uncommon trap: reason=unstable_if action=reinterpret pc=0x0000000003f65b90 method=java.util.regex.Pattern.newSlice([IIZ)Ljava/util/regex/Pattern$Node; @ 10

Classes redefined (0 events):
No events

Internal exceptions (10 events):
Event: 440.777 Thread 0x00000000182af800 Exception <a 'java/lang/NoSuchMethodError': <clinit>> (0x00000000e8e3d668) thrown at [D:\src\AOSP-openjdk-cygwin\jdk8u\hotspot\src\share\vm\prims\jni.cpp, line 1614]
Event: 441.321 Thread 0x000000001821a000 Implicit null exception at 0x00000000038f1e46 to 0x00000000038f2228
Event: 441.322 Thread 0x000000001821a000 Implicit null exception at 0x000000000473f8ff to 0x000000000473fbe0
Event: 441.454 Thread 0x00000000182af800 Exception <a 'java/lang/NoSuchMethodError': <clinit>> (0x00000000e0deca98) thrown at [D:\src\AOSP-openjdk-cygwin\jdk8u\hotspot\src\share\vm\prims\jni.cpp, line 1614]
Event: 443.105 Thread 0x0000000018220000 Exception <a 'java/lang/NoSuchMethodError': <clinit>> (0x00000000e382d578) thrown at [D:\src\AOSP-openjdk-cygwin\jdk8u\hotspot\src\share\vm\prims\jni.cpp, line 1614]
Event: 444.816 Thread 0x000000001821f000 Exception <a 'java/lang/NoSuchMethodError': java.lang.Object.lambda$static$0(Ljava/lang/String;)Z> (0x00000000e5c94218) thrown at [D:\src\AOSP-openjdk-cygwin\jdk8u\hotspot\src\share\vm\interpreter\linkResolver.cpp, line 620]
Event: 444.818 Thread 0x000000001821f000 Exception <a 'java/lang/NoSuchMethodError': java.lang.Object.lambda$and$0(Ljava/util/function/Predicate;Ljava/lang/Object;)Z> (0x00000000e5c9a450) thrown at [D:\src\AOSP-openjdk-cygwin\jdk8u\hotspot\src\share\vm\interpreter\linkResolver.cpp, line 620]
Event: 444.968 Thread 0x0000000018220800 Exception <a 'java/lang/NoSuchMethodError': <clinit>> (0x00000000e6102ae8) thrown at [D:\src\AOSP-openjdk-cygwin\jdk8u\hotspot\src\share\vm\prims\jni.cpp, line 1614]
Event: 444.969 Thread 0x0000000018220800 Exception <a 'java/lang/NoSuchMethodError': <clinit>> (0x00000000e6116ff8) thrown at [D:\src\AOSP-openjdk-cygwin\jdk8u\hotspot\src\share\vm\prims\jni.cpp, line 1614]
Event: 444.985 Thread 0x0000000018220800 Exception <a 'java/lang/NoSuchMethodError': <clinit>> (0x00000000e6186f28) thrown at [D:\src\AOSP-openjdk-cygwin\jdk8u\hotspot\src\share\vm\prims\jni.cpp, line 1614]

Events (10 events):
Event: 445.000 loading class com/android/tools/r8/ClassFileConsumer$DirectoryConsumer
Event: 445.000 loading class com/android/tools/r8/ClassFileConsumer$DirectoryConsumer done
Event: 445.001 loading class com/android/tools/r8/StringConsumer
Event: 445.001 loading class com/android/tools/r8/StringConsumer done
Event: 445.003 loading class com/android/tools/r8/utils/Reporter
Event: 445.003 loading class com/android/tools/r8/utils/Reporter done
Event: 445.004 loading class com/android/tools/r8/utils/AndroidApp
Event: 445.004 loading class com/android/tools/r8/utils/AndroidApp done
Event: 445.006 loading class com/android/tools/r8/ResourceException
Event: 445.006 loading class com/android/tools/r8/ResourceException done


Dynamic libraries:
0x00007ff67d030000 - 0x00007ff67d061000 	E:\android-studio-ide-173.4907809-windows\android-studio\jre\bin\java.exe
0x00007ff865db0000 - 0x00007ff865f9d000 	C:\WINDOWS\SYSTEM32\ntdll.dll
0x00007ff864fb0000 - 0x00007ff865063000 	C:\WINDOWS\System32\KERNEL32.DLL
0x00007ff862b80000 - 0x00007ff862e13000 	C:\WINDOWS\System32\KERNELBASE.dll
0x00007ff863030000 - 0x00007ff8630d3000 	C:\WINDOWS\System32\ADVAPI32.dll
0x00007ff865570000 - 0x00007ff86560e000 	C:\WINDOWS\System32\msvcrt.dll
0x00007ff865860000 - 0x00007ff8658fe000 	C:\WINDOWS\System32\sechost.dll
0x00007ff864b60000 - 0x00007ff864c82000 	C:\WINDOWS\System32\RPCRT4.dll
0x00007ff865610000 - 0x00007ff8657a7000 	C:\WINDOWS\System32\USER32.dll
0x00007ff862ea0000 - 0x00007ff862ec0000 	C:\WINDOWS\System32\win32u.dll
0x00007ff865d40000 - 0x00007ff865d69000 	C:\WINDOWS\System32\GDI32.dll
0x00007ff861ed0000 - 0x00007ff862069000 	C:\WINDOWS\System32\gdi32full.dll
0x00007ff862f90000 - 0x00007ff863030000 	C:\WINDOWS\System32\msvcp_win.dll
0x00007ff8620d0000 - 0x00007ff8621ca000 	C:\WINDOWS\System32\ucrtbase.dll
0x00007ff852d50000 - 0x00007ff852fc9000 	C:\WINDOWS\WinSxS\amd64_microsoft.windows.common-controls_6595b64144ccf1df_6.0.17763.864_none_05b3441807210760\COMCTL32.dll
0x00007ff863200000 - 0x00007ff86352c000 	C:\WINDOWS\System32\combase.dll
0x00007ff862e20000 - 0x00007ff862e9e000 	C:\WINDOWS\System32\bcryptPrimitives.dll
0x00007ff865b50000 - 0x00007ff865b7e000 	C:\WINDOWS\System32\IMM32.DLL
0x000000006bc90000 - 0x000000006bd62000 	E:\android-studio-ide-173.4907809-windows\android-studio\jre\jre\bin\msvcr100.dll
0x000000006c8e0000 - 0x000000006d126000 	E:\android-studio-ide-173.4907809-windows\android-studio\jre\jre\bin\server\jvm.dll
0x00007ff864e40000 - 0x00007ff864e48000 	C:\WINDOWS\System32\PSAPI.DLL
0x00007ff85f500000 - 0x00007ff85f524000 	C:\WINDOWS\SYSTEM32\WINMM.dll
0x00007ff8531e0000 - 0x00007ff8531ea000 	C:\WINDOWS\SYSTEM32\VERSION.dll
0x00007ff85e6b0000 - 0x00007ff85e6b9000 	C:\WINDOWS\SYSTEM32\WSOCK32.dll
0x00007ff85f250000 - 0x00007ff85f27d000 	C:\WINDOWS\SYSTEM32\WINMMBASE.dll
0x00007ff865b80000 - 0x00007ff865bed000 	C:\WINDOWS\System32\WS2_32.dll
0x00007ff8621d0000 - 0x00007ff86221a000 	C:\WINDOWS\System32\cfgmgr32.dll
0x00007ff85e120000 - 0x00007ff85e12f000 	E:\android-studio-ide-173.4907809-windows\android-studio\jre\jre\bin\verify.dll
0x00007ff854f30000 - 0x00007ff854f59000 	E:\android-studio-ide-173.4907809-windows\android-studio\jre\jre\bin\java.dll
0x00007ff859e70000 - 0x00007ff859e86000 	E:\android-studio-ide-173.4907809-windows\android-studio\jre\jre\bin\zip.dll
0x00007ff863590000 - 0x00007ff864a84000 	C:\WINDOWS\System32\SHELL32.dll
0x00007ff863140000 - 0x00007ff8631e8000 	C:\WINDOWS\System32\shcore.dll
0x00007ff862250000 - 0x00007ff86299d000 	C:\WINDOWS\System32\windows.storage.dll
0x00007ff861e20000 - 0x00007ff861e44000 	C:\WINDOWS\System32\profapi.dll
0x00007ff861e50000 - 0x00007ff861ead000 	C:\WINDOWS\System32\powrprof.dll
0x00007ff8630e0000 - 0x00007ff863132000 	C:\WINDOWS\System32\shlwapi.dll
0x00007ff861eb0000 - 0x00007ff861ec1000 	C:\WINDOWS\System32\kernel.appcore.dll
0x00007ff862f70000 - 0x00007ff862f87000 	C:\WINDOWS\System32\cryptsp.dll
0x00007ff859d90000 - 0x00007ff859daa000 	E:\android-studio-ide-173.4907809-windows\android-studio\jre\jre\bin\net.dll
0x00007ff861610000 - 0x00007ff861677000 	C:\WINDOWS\system32\mswsock.dll
0x00007ff859a50000 - 0x00007ff859a61000 	E:\android-studio-ide-173.4907809-windows\android-studio\jre\jre\bin\nio.dll
0x00007ff84feb0000 - 0x00007ff84fed6000 	C:\Users\Mac\.gradle\native\29\windows-amd64\native-platform.dll
0x00007ff85a2e0000 - 0x00007ff85a2ed000 	E:\android-studio-ide-173.4907809-windows\android-studio\jre\jre\bin\management.dll
0x00007ff861190000 - 0x00007ff8611c3000 	C:\WINDOWS\system32\rsaenh.dll
0x00007ff862220000 - 0x00007ff862246000 	C:\WINDOWS\System32\bcrypt.dll
0x00007ff861d00000 - 0x00007ff861d28000 	C:\WINDOWS\SYSTEM32\USERENV.dll
0x00007ff8617e0000 - 0x00007ff8617ec000 	C:\WINDOWS\SYSTEM32\CRYPTBASE.dll
0x00007ff861330000 - 0x00007ff86136d000 	C:\WINDOWS\SYSTEM32\IPHLPAPI.DLL
0x00007ff865d70000 - 0x00007ff865d78000 	C:\WINDOWS\System32\NSI.dll
0x00007ff855d10000 - 0x00007ff855d26000 	C:\WINDOWS\SYSTEM32\dhcpcsvc6.DLL
0x00007ff857bd0000 - 0x00007ff857bec000 	C:\WINDOWS\SYSTEM32\dhcpcsvc.DLL
0x00007ff861370000 - 0x00007ff861436000 	C:\WINDOWS\SYSTEM32\DNSAPI.dll
0x00007ff84d6d0000 - 0x00007ff84d6f4000 	E:\android-studio-ide-173.4907809-windows\android-studio\jre\jre\bin\sunec.dll
0x00007ff850b00000 - 0x00007ff850b0a000 	C:\Windows\System32\rasadhlp.dll
0x00007ff850c50000 - 0x00007ff850cc9000 	C:\WINDOWS\System32\fwpuclnt.dll

VM Arguments:
jvm_args: -Xmx1536m -Dfile.encoding=GBK -Duser.country=CN -Duser.language=zh -Duser.variant 
java_command: org.gradle.launcher.daemon.bootstrap.GradleDaemon 5.4.1
java_class_path (initial): C:\Users\Mac\.gradle\wrapper\dists\gradle-5.4.1-all\3221gyojl5jsh0helicew7rwx\gradle-5.4.1\lib\gradle-launcher-5.4.1.jar
Launcher Type: SUN_STANDARD

Environment Variables:
JAVA_HOME=C:\Program Files\Java\jdk1.8.0_181
CLASSPATH=C:\Program Files\Java\jdk1.8.0_181\lib\dt.jar;C:\Program Files\Java\jdk1.8.0_181\lib\tools.jar
PATH=C:\Program Files (x86)\Common Files\Oracle\Java\javapath;C:\Program Files (x86)\Intel\iCLS Client\;C:\Program Files\Intel\iCLS Client\;C:\WINDOWS\system32;C:\WINDOWS;C:\WINDOWS\System32\Wbem;C:\WINDOWS\System32\WindowsPowerShell\v1.0\;C:\Program Files\Java\jdk1.8.0_181\bin;C:\Program Files (x86)\Microsoft SQL Server\100\Tools\Binn\;C:\Program Files\Microsoft SQL Server\100\Tools\Binn\;C:\Program Files\Microsoft SQL Server\100\DTS\Binn\;C:\Program Files (x86)\Microsoft SQL Server\100\Tools\Binn\VSShell\Common7\IDE\;C:\Program Files (x86)\Microsoft SQL Server\100\DTS\Binn\;C:\Program Files (x86)\Microsoft Visual Studio 9.0\Common7\IDE\PrivateAssemblies\;C:\WINDOWS\System32\OpenSSH\;C:\Program Files\Microsoft\Web Platform Installer\;C:\Program Files (x86)\Microsoft ASP.NET\ASP.NET Web Pages\v1.0\;C:\Program Files (x86)\Windows Kits\8.0\Windows Performance Toolkit\;C:\Program Files\Microsoft SQL Server\110\Tools\Binn\;E:\Git\cmd;C:\Users\Mac\AppData\Local\Microsoft\WindowsApps;
USERNAME=Mac
OS=Windows_NT
PROCESSOR_IDENTIFIER=Intel64 Family 6 Model 61 Stepping 4, GenuineIntel



---------------  S Y S T E M  ---------------

OS: Windows 10.0 , 64 bit Build 17763 (10.0.17763.475)

CPU:total 4 (initial active 4) (2 cores per cpu, 2 threads per core) family 6 model 61 stepping 4, cmov, cx8, fxsr, mmx, sse, sse2, sse3, ssse3, sse4.1, sse4.2, popcnt, avx, avx2, aes, clmul, erms, 3dnowpref, lzcnt, ht, tsc, tscinvbit, bmi1, bmi2, adx

Memory: 4k page, physical 8288680k(928928k free), swap 12482984k(5620k free)

vm_info: OpenJDK 64-Bit Server VM (25.202-b03) for windows-amd64 JRE (1.8.0_202-release-1483-b03), built by "builder" with MS VC++ 10.0 (VS2010)

time: Tue Dec 03 18:21:56 2019
timezone: 中国标准时间
elapsed time: 445 seconds (0d 0h 7m 25s)

