#
# There is insufficient memory for the Java Runtime Environment to continue.
# Native memory allocation (malloc) failed to allocate 1698160 bytes for Chunk::new
# Possible reasons:
#   The system is out of physical RAM or swap space
#   In 32 bit mode, the process size limit was hit
# Possible solutions:
#   Reduce memory load on the system
#   Increase physical memory or swap space
#   Check if swap backing store is full
#   Use 64 bit Java on a 64 bit OS
#   Decrease Java heap size (-Xmx/-Xms)
#   Decrease number of Java threads
#   Decrease Java thread stack sizes (-Xss)
#   Set larger code cache with -XX:ReservedCodeCacheSize=
# This output file may be truncated or incomplete.
#
#  Out of Memory Error (allocation.cpp:390), pid=181564, tid=0x000000000002df24
#
# JRE version: Java(TM) SE Runtime Environment (8.0_181-b13) (build 1.8.0_181-b13)
# Java VM: Java HotSpot(TM) 64-Bit Server VM (25.181-b13 mixed mode windows-amd64 compressed oops)
# Failed to write core dump. Minidumps are not enabled by default on client versions of Windows
#

---------------  T H R E A D  ---------------

Current thread (0x0000000017d6b000):  JavaThread "C2 CompilerThread1" daemon [_thread_in_native, id=188196, stack(0x0000000018460000,0x0000000018560000)]

Stack: [0x0000000018460000,0x0000000018560000]
[error occurred during error reporting (printing stack bounds), id 0xc0000005]

Native frames: (J=compiled Java code, j=interpreted, Vv=VM code, C=native code)


Current CompileTask:
C2:9286572 24303 %     4       com.android.tools.r8.ir.optimize.CodeRewriter::e @ 47 (828 bytes)


---------------  P R O C E S S  ---------------

Java Threads: ( => current thread )
  0x000000001f025800 JavaThread "ForkJoinPool.commonPool-worker-3" daemon [_thread_blocked, id=204640, stack(0x000000002b770000,0x000000002b870000)]
  0x000000001f027000 JavaThread "Cache worker for Java compile cache (E:\Android\ProjectTraining\Project\CatchTime\.gradle\5.4.1\javaCompile)" [_thread_blocked, id=204076, stack(0x000000002b470000,0x000000002b570000)]
  0x000000001f02a800 JavaThread "Cache worker for Java compile cache (C:\Users\7560-1525\.gradle\caches\5.4.1\javaCompile)" [_thread_blocked, id=203592, stack(0x000000002b370000,0x000000002b470000)]
  0x000000001f029000 JavaThread "WorkerExecutor Queue Thread 6" [_thread_blocked, id=203884, stack(0x000000002b270000,0x000000002b370000)]
  0x000000001f024000 JavaThread "Java2D Disposer" daemon [_thread_blocked, id=202444, stack(0x000000002a870000,0x000000002a970000)]
  0x000000001f023000 JavaThread "WorkerExecutor Queue Thread 4" [_thread_in_Java, id=203228, stack(0x000000002a570000,0x000000002a670000)]
  0x000000001f021000 JavaThread "WorkerExecutor Queue Thread 2" [_thread_blocked, id=203256, stack(0x000000002a370000,0x000000002a470000)]
  0x000000001f01f800 JavaThread "WorkerExecutor Queue" [_thread_in_Java, id=202320, stack(0x000000002a270000,0x000000002a370000)]
  0x000000001a55a800 JavaThread "Cache worker for execution history cache (E:\Android\ProjectTraining\Project\CatchTime\.gradle\5.4.1\executionHistory)" [_thread_blocked, id=202632, stack(0x000000002a170000,0x000000002a270000)]
  0x0000000017ee6000 JavaThread "Execution worker for ':' Thread 3" [_thread_in_Java, id=201088, stack(0x000000002a070000,0x000000002a170000)]
  0x0000000017ee4800 JavaThread "Execution worker for ':' Thread 2" [_thread_blocked, id=201824, stack(0x0000000029f70000,0x000000002a070000)]
  0x0000000017ee4000 JavaThread "Execution worker for ':'" [_thread_blocked, id=201984, stack(0x0000000029e70000,0x0000000029f70000)]
  0x0000000017ee7000 JavaThread "Cache worker for file content cache (E:\Android\ProjectTraining\Project\CatchTime\.gradle\5.4.1\fileContent)" [_thread_blocked, id=200568, stack(0x0000000029d70000,0x0000000029e70000)]
  0x000000001a561800 JavaThread "Cache worker for file content cache (C:\Users\7560-1525\.gradle\caches\5.4.1\fileContent)" [_thread_blocked, id=200560, stack(0x0000000029c70000,0x0000000029d70000)]
  0x000000001a552800 JavaThread "Cache worker for Build Output Cleanup Cache (E:\Android\ProjectTraining\Project\CatchTime\.gradle\buildOutputCleanup)" [_thread_blocked, id=188820, stack(0x0000000029b70000,0x0000000029c70000)]
  0x000000001a55d800 JavaThread "pool-10-thread-1" [_thread_blocked, id=194060, stack(0x0000000029a70000,0x0000000029b70000)]
  0x000000001a55d000 JavaThread "Build operations Thread 4" [_thread_blocked, id=194600, stack(0x0000000029970000,0x0000000029a70000)]
  0x000000001a560800 JavaThread "Build operations Thread 3" [_thread_blocked, id=189228, stack(0x0000000029870000,0x0000000029970000)]
  0x000000001a55c000 JavaThread "Build operations Thread 2" [_thread_blocked, id=199812, stack(0x0000000029770000,0x0000000029870000)]
  0x000000001a560000 JavaThread "Build operations" [_thread_blocked, id=197356, stack(0x0000000029670000,0x0000000029770000)]
  0x000000001a554800 JavaThread "Cache worker for cache directory md-rule (C:\Users\7560-1525\.gradle\caches\5.4.1\md-rule)" [_thread_blocked, id=168040, stack(0x0000000029570000,0x0000000029670000)]
  0x000000001a556000 JavaThread "Cache worker for cache directory md-supplier (C:\Users\7560-1525\.gradle\caches\5.4.1\md-supplier)" [_thread_blocked, id=188628, stack(0x0000000029470000,0x0000000029570000)]
  0x000000001a55b800 JavaThread "Cache worker for file hash cache (E:\Android\ProjectTraining\Project\CatchTime\.gradle\5.4.1\fileHashes)" [_thread_blocked, id=197636, stack(0x0000000029370000,0x0000000029470000)]
  0x000000001a554000 JavaThread "Thread-100" [_thread_blocked, id=140824, stack(0x0000000029270000,0x0000000029370000)]
  0x000000001a559000 JavaThread "Asynchronous log dispatcher for DefaultDaemonConnection: socket connection from /127.0.0.1:18597 to /127.0.0.1:22089" [_thread_blocked, id=198844, stack(0x0000000029070000,0x0000000029170000)]
  0x000000001a555800 JavaThread "Cancel handler" [_thread_blocked, id=198824, stack(0x0000000028f70000,0x0000000029070000)]
  0x000000001a557800 JavaThread "Handler for socket connection from /127.0.0.1:18597 to /127.0.0.1:22089" [_thread_in_native, id=198728, stack(0x0000000028e70000,0x0000000028f70000)]
  0x000000001a558800 JavaThread "Daemon worker Thread 4" [_thread_in_Java, id=198612, stack(0x0000000026770000,0x0000000026870000)]
  0x000000001a557000 JavaThread "Daemon Thread 4" [_thread_blocked, id=198716, stack(0x0000000026470000,0x0000000026570000)]
  0x000000001a55a000 JavaThread "Memory manager" [_thread_blocked, id=164216, stack(0x0000000022370000,0x0000000022470000)]
  0x0000000017ee5800 JavaThread "Cache worker for execution history cache (C:\Users\7560-1525\.gradle\caches\5.4.1\executionHistory)" [_thread_blocked, id=177228, stack(0x000000001e690000,0x000000001e790000)]
  0x0000000017ee3000 JavaThread "Cache worker for journal cache (C:\Users\7560-1525\.gradle\caches\journal-1)" [_thread_blocked, id=183652, stack(0x000000001c3d0000,0x000000001c4d0000)]
  0x0000000017ee0000 JavaThread "File lock request listener" [_thread_in_native, id=192068, stack(0x000000001c1d0000,0x000000001c2d0000)]
  0x0000000017ee1800 JavaThread "Cache worker for file hash cache (C:\Users\7560-1525\.gradle\caches\5.4.1\fileHashes)" [_thread_blocked, id=176100, stack(0x000000001bed0000,0x000000001bfd0000)]
  0x0000000019719800 JavaThread "Daemon periodic checks" [_thread_blocked, id=191644, stack(0x000000001b4d0000,0x000000001b5d0000)]
  0x0000000019715800 JavaThread "Incoming local TCP Connector on port 18597" [_thread_in_native, id=191876, stack(0x000000001b320000,0x000000001b420000)]
  0x0000000019498000 JavaThread "Daemon health stats" [_thread_blocked, id=191592, stack(0x000000001a030000,0x000000001a130000)]
  0x0000000017e1d800 JavaThread "Service Thread" daemon [_thread_blocked, id=192016, stack(0x0000000018660000,0x0000000018760000)]
  0x0000000017d79800 JavaThread "C1 CompilerThread2" daemon [_thread_blocked, id=189460, stack(0x0000000018560000,0x0000000018660000)]
=>0x0000000017d6b000 JavaThread "C2 CompilerThread1" daemon [_thread_in_native, id=188196, stack(0x0000000018460000,0x0000000018560000)]
  0x00000000169dd000 JavaThread "C2 CompilerThread0" daemon [_thread_in_native, id=188980, stack(0x0000000018360000,0x0000000018460000)]
  0x0000000016992000 JavaThread "Attach Listener" daemon [_thread_blocked, id=120188, stack(0x0000000018260000,0x0000000018360000)]
  0x0000000017d68800 JavaThread "Signal Dispatcher" daemon [_thread_blocked, id=146792, stack(0x0000000018160000,0x0000000018260000)]
  0x000000000300c800 JavaThread "Finalizer" daemon [_thread_blocked, id=185160, stack(0x0000000017c00000,0x0000000017d00000)]
  0x0000000003002000 JavaThread "Reference Handler" daemon [_thread_blocked, id=190804, stack(0x0000000017b00000,0x0000000017c00000)]
  0x0000000002f12800 JavaThread "main" [_thread_blocked, id=191504, stack(0x0000000002e10000,0x0000000002f10000)]

Other Threads:
  0x0000000016947000 VMThread [stack: 0x0000000017a00000,0x0000000017b00000] [id=191344]
  0x0000000017e22000 WatcherThread [stack: 0x0000000018760000,0x0000000018860000] [id=190712]

VM state:not at safepoint (normal execution)

VM Mutex/Monitor currently owned by a thread: None

Heap:
 PSYoungGen      total 166912K, used 33454K [0x00000000e0000000, 0x00000000edb00000, 0x0000000100000000)
  eden space 111104K, 26% used [0x00000000e0000000,0x00000000e1c8ebd0,0x00000000e6c80000)
  from space 55808K, 7% used [0x00000000e6c80000,0x00000000e709cdd8,0x00000000ea300000)
  to   space 54272K, 0% used [0x00000000ea300000,0x00000000ea300000,0x00000000ed800000)
 ParOldGen       total 171008K, used 157295K [0x00000000a0000000, 0x00000000aa700000, 0x00000000e0000000)
  object space 171008K, 91% used [0x00000000a0000000,0x00000000a999bf10,0x00000000aa700000)
 Metaspace       used 104345K, capacity 109454K, committed 109644K, reserved 1144832K
  class space    used 13341K, capacity 14362K, committed 14412K, reserved 1048576K

Card table byte_map: [0x00000000123d0000,0x00000000126e0000] byte_map_base: 0x0000000011ed0000

Marking Bits: (ParMarkBitMap*) 0x0000000053602d00
 Begin Bits: [0x0000000012ce0000, 0x00000000144e0000)
 End Bits:   [0x00000000144e0000, 0x0000000015ce0000)

Polling page: 0x00000000029f0000

CodeCache: size=245760Kb used=72869Kb max_used=72869Kb free=172890Kb
 bounds [0x0000000003010000, 0x00000000077a0000, 0x0000000012010000]
 total_blobs=20496 nmethods=19493 adapters=910
 compilation: enabled

Compilation events (10 events):
Event: 9283.799 Thread 0x0000000017d79800 24499       2       com.android.tools.r8.ir.code.h::a (8 bytes)
Event: 9283.800 Thread 0x0000000017d79800 nmethod 24499 0x000000000770d210 code [0x000000000770d380, 0x000000000770d4e8]
Event: 9283.848 Thread 0x0000000017d79800 24500       2       com.android.tools.r8.ir.regalloc.LinearScanRegisterAllocator::a (235 bytes)
Event: 9283.849 Thread 0x0000000017d79800 nmethod 24500 0x000000000770d590 code [0x000000000770d7a0, 0x000000000770df38]
Event: 9283.850 Thread 0x0000000017d79800 24501       2       com.android.tools.r8.ir.regalloc.LiveIntervals::l (16 bytes)
Event: 9283.850 Thread 0x0000000017d79800 nmethod 24501 0x000000000770e650 code [0x000000000770e7a0, 0x000000000770e950]
Event: 9283.853 Thread 0x0000000017d79800 24502       2       java.util.PriorityQueue::remove (21 bytes)
Event: 9283.854 Thread 0x0000000017d79800 nmethod 24502 0x000000000770ea50 code [0x000000000770ebc0, 0x000000000770ed78]
Event: 9283.875 Thread 0x0000000017d79800 24503       2       com.android.tools.r8.graph.AppInfo::a (122 bytes)
Event: 9283.876 Thread 0x0000000017d79800 nmethod 24503 0x000000000770ee50 code [0x000000000770f040, 0x000000000770f678]

GC Heap History (10 events):
Event: 9279.006 GC heap before
{Heap before GC invocations=57 (full 4):
 PSYoungGen      total 130048K, used 111498K [0x00000000e0000000, 0x00000000eb300000, 0x0000000100000000)
  eden space 79872K, 100% used [0x00000000e0000000,0x00000000e4e00000,0x00000000e4e00000)
  from space 50176K, 63% used [0x00000000e8200000,0x00000000ea0e2ad0,0x00000000eb300000)
  to   space 51712K, 0% used [0x00000000e4e00000,0x00000000e4e00000,0x00000000e8080000)
 ParOldGen       total 171008K, used 121514K [0x00000000a0000000, 0x00000000aa700000, 0x00000000e0000000)
  object space 171008K, 71% used [0x00000000a0000000,0x00000000a76aa980,0x00000000aa700000)
 Metaspace       used 103586K, capacity 108554K, committed 108876K, reserved 1144832K
  class space    used 13288K, capacity 14278K, committed 14412K, reserved 1048576K
Event: 9279.276 GC heap after
Heap after GC invocations=57 (full 4):
 PSYoungGen      total 131584K, used 23615K [0x00000000e0000000, 0x00000000ec180000, 0x0000000100000000)
  eden space 79872K, 0% used [0x00000000e0000000,0x00000000e0000000,0x00000000e4e00000)
  from space 51712K, 45% used [0x00000000e4e00000,0x00000000e650fef0,0x00000000e8080000)
  to   space 51200K, 0% used [0x00000000e8f80000,0x00000000e8f80000,0x00000000ec180000)
 ParOldGen       total 171008K, used 129360K [0x00000000a0000000, 0x00000000aa700000, 0x00000000e0000000)
  object space 171008K, 75% used [0x00000000a0000000,0x00000000a7e543b0,0x00000000aa700000)
 Metaspace       used 103586K, capacity 108554K, committed 108876K, reserved 1144832K
  class space    used 13288K, capacity 14278K, committed 14412K, reserved 1048576K
}
Event: 9280.513 GC heap before
{Heap before GC invocations=58 (full 4):
 PSYoungGen      total 131584K, used 103487K [0x00000000e0000000, 0x00000000ec180000, 0x0000000100000000)
  eden space 79872K, 100% used [0x00000000e0000000,0x00000000e4e00000,0x00000000e4e00000)
  from space 51712K, 45% used [0x00000000e4e00000,0x00000000e650fef0,0x00000000e8080000)
  to   space 51200K, 0% used [0x00000000e8f80000,0x00000000e8f80000,0x00000000ec180000)
 ParOldGen       total 171008K, used 129360K [0x00000000a0000000, 0x00000000aa700000, 0x00000000e0000000)
  object space 171008K, 75% used [0x00000000a0000000,0x00000000a7e543b0,0x00000000aa700000)
 Metaspace       used 103674K, capacity 108674K, committed 108876K, reserved 1144832K
  class space    used 13298K, capacity 14316K, committed 14412K, reserved 1048576K
Event: 9280.540 GC heap after
Heap after GC invocations=58 (full 4):
 PSYoungGen      total 145920K, used 11843K [0x00000000e0000000, 0x00000000ec300000, 0x0000000100000000)
  eden space 94720K, 0% used [0x00000000e0000000,0x00000000e0000000,0x00000000e5c80000)
  from space 51200K, 23% used [0x00000000e8f80000,0x00000000e9b10d00,0x00000000ec180000)
  to   space 52224K, 0% used [0x00000000e5c80000,0x00000000e5c80000,0x00000000e8f80000)
 ParOldGen       total 171008K, used 139324K [0x00000000a0000000, 0x00000000aa700000, 0x00000000e0000000)
  object space 171008K, 81% used [0x00000000a0000000,0x00000000a880f338,0x00000000aa700000)
 Metaspace       used 103674K, capacity 108674K, committed 108876K, reserved 1144832K
  class space    used 13298K, capacity 14316K, committed 14412K, reserved 1048576K
}
Event: 9281.735 GC heap before
{Heap before GC invocations=59 (full 4):
 PSYoungGen      total 145920K, used 106563K [0x00000000e0000000, 0x00000000ec300000, 0x0000000100000000)
  eden space 94720K, 100% used [0x00000000e0000000,0x00000000e5c80000,0x00000000e5c80000)
  from space 51200K, 23% used [0x00000000e8f80000,0x00000000e9b10d00,0x00000000ec180000)
  to   space 52224K, 0% used [0x00000000e5c80000,0x00000000e5c80000,0x00000000e8f80000)
 ParOldGen       total 171008K, used 139324K [0x00000000a0000000, 0x00000000aa700000, 0x00000000e0000000)
  object space 171008K, 81% used [0x00000000a0000000,0x00000000a880f338,0x00000000aa700000)
 Metaspace       used 103795K, capacity 108844K, committed 109132K, reserved 1144832K
  class space    used 13314K, capacity 14323K, committed 14412K, reserved 1048576K
Event: 9281.767 GC heap after
Heap after GC invocations=59 (full 4):
 PSYoungGen      total 146944K, used 2528K [0x00000000e0000000, 0x00000000ed800000, 0x0000000100000000)
  eden space 94720K, 0% used [0x00000000e0000000,0x00000000e0000000,0x00000000e5c80000)
  from space 52224K, 4% used [0x00000000e5c80000,0x00000000e5ef8000,0x00000000e8f80000)
  to   space 54272K, 0% used [0x00000000ea300000,0x00000000ea300000,0x00000000ed800000)
 ParOldGen       total 171008K, used 150256K [0x00000000a0000000, 0x00000000aa700000, 0x00000000e0000000)
  object space 171008K, 87% used [0x00000000a0000000,0x00000000a92bc018,0x00000000aa700000)
 Metaspace       used 103795K, capacity 108844K, committed 109132K, reserved 1144832K
  class space    used 13314K, capacity 14323K, committed 14412K, reserved 1048576K
}
Event: 9282.818 GC heap before
{Heap before GC invocations=60 (full 4):
 PSYoungGen      total 146944K, used 97248K [0x00000000e0000000, 0x00000000ed800000, 0x0000000100000000)
  eden space 94720K, 100% used [0x00000000e0000000,0x00000000e5c80000,0x00000000e5c80000)
  from space 52224K, 4% used [0x00000000e5c80000,0x00000000e5ef8000,0x00000000e8f80000)
  to   space 54272K, 0% used [0x00000000ea300000,0x00000000ea300000,0x00000000ed800000)
 ParOldGen       total 171008K, used 150256K [0x00000000a0000000, 0x00000000aa700000, 0x00000000e0000000)
  object space 171008K, 87% used [0x00000000a0000000,0x00000000a92bc018,0x00000000aa700000)
 Metaspace       used 104126K, capacity 109128K, committed 109388K, reserved 1144832K
  class space    used 13330K, capacity 14327K, committed 14412K, reserved 1048576K
Event: 9282.840 GC heap after
Heap after GC invocations=60 (full 4):
 PSYoungGen      total 165376K, used 1376K [0x00000000e0000000, 0x00000000edb00000, 0x0000000100000000)
  eden space 111104K, 0% used [0x00000000e0000000,0x00000000e0000000,0x00000000e6c80000)
  from space 54272K, 2% used [0x00000000ea300000,0x00000000ea458000,0x00000000ed800000)
  to   space 55808K, 0% used [0x00000000e6c80000,0x00000000e6c80000,0x00000000ea300000)
 ParOldGen       total 171008K, used 152369K [0x00000000a0000000, 0x00000000aa700000, 0x00000000e0000000)
  object space 171008K, 89% used [0x00000000a0000000,0x00000000a94cc5c0,0x00000000aa700000)
 Metaspace       used 104126K, capacity 109128K, committed 109388K, reserved 1144832K
  class space    used 13330K, capacity 14327K, committed 14412K, reserved 1048576K
}
Event: 9283.618 GC heap before
{Heap before GC invocations=61 (full 4):
 PSYoungGen      total 165376K, used 112480K [0x00000000e0000000, 0x00000000edb00000, 0x0000000100000000)
  eden space 111104K, 100% used [0x00000000e0000000,0x00000000e6c80000,0x00000000e6c80000)
  from space 54272K, 2% used [0x00000000ea300000,0x00000000ea458000,0x00000000ed800000)
  to   space 55808K, 0% used [0x00000000e6c80000,0x00000000e6c80000,0x00000000ea300000)
 ParOldGen       total 171008K, used 152369K [0x00000000a0000000, 0x00000000aa700000, 0x00000000e0000000)
  object space 171008K, 89% used [0x00000000a0000000,0x00000000a94cc5c0,0x00000000aa700000)
 Metaspace       used 104262K, capacity 109372K, committed 109644K, reserved 1144832K
  class space    used 13339K, capacity 14361K, committed 14412K, reserved 1048576K
Event: 9283.642 GC heap after
Heap after GC invocations=61 (full 4):
 PSYoungGen      total 166912K, used 2400K [0x00000000e0000000, 0x00000000edb00000, 0x0000000100000000)
  eden space 111104K, 0% used [0x00000000e0000000,0x00000000e0000000,0x00000000e6c80000)
  from space 55808K, 4% used [0x00000000e6c80000,0x00000000e6ed8040,0x00000000ea300000)
  to   space 54272K, 0% used [0x00000000ea300000,0x00000000ea300000,0x00000000ed800000)
 ParOldGen       total 171008K, used 153561K [0x00000000a0000000, 0x00000000aa700000, 0x00000000e0000000)
  object space 171008K, 89% used [0x00000000a0000000,0x00000000a95f65d0,0x00000000aa700000)
 Metaspace       used 104262K, capacity 109372K, committed 109644K, reserved 1144832K
  class space    used 13339K, capacity 14361K, committed 14412K, reserved 1048576K
}

Deoptimization events (10 events):
Event: 9282.012 Thread 0x000000001f023000 Uncommon trap: reason=class_check action=maybe_recompile pc=0x0000000007537c58 method=com.android.tools.r8.ir.conversion.IRBuilder.a(Lcom/android/tools/r8/ir/code/Instruction;Lcom/android/tools/r8/ir/code/Position;)V @ 153
Event: 9282.397 Thread 0x000000001f01f800 Uncommon trap: reason=unstable_if action=reinterpret pc=0x000000000425f8ec method=java.nio.CharBuffer.hasArray()Z @ 4
Event: 9282.600 Thread 0x000000001a558800 Uncommon trap: reason=unstable_if action=reinterpret pc=0x00000000074ba18c method=com.android.tools.r8.ir.code.Value.q()Lcom/android/tools/r8/ir/code/Value; @ 4
Event: 9282.978 Thread 0x000000001a558800 Uncommon trap: reason=unstable_if action=reinterpret pc=0x00000000068d0a04 method=java.util.concurrent.ConcurrentHashMap.computeIfAbsent(Ljava/lang/Object;Ljava/util/function/Function;)Ljava/lang/Object; @ 281
Event: 9283.029 Thread 0x000000001f01f800 Uncommon trap: reason=class_check action=maybe_recompile pc=0x000000000498c650 method=com.android.tools.build.apkzlib.zip.CentralDirectoryHeader.getCompressionInfoWithWait()Lcom/android/tools/build/apkzlib/zip/CentralDirectoryHeaderCompressInfo; @ 4
Event: 9283.029 Thread 0x000000001f01f800 Uncommon trap: reason=unstable_if action=reinterpret pc=0x0000000006b23c54 method=com.android.tools.build.apkzlib.zip.ExtraField.size()I @ 4
Event: 9283.029 Thread 0x000000001f01f800 Uncommon trap: reason=class_check action=maybe_recompile pc=0x000000000498c650 method=com.android.tools.build.apkzlib.zip.CentralDirectoryHeader.getCompressionInfoWithWait()Lcom/android/tools/build/apkzlib/zip/CentralDirectoryHeaderCompressInfo; @ 4
Event: 9283.252 Thread 0x000000001f01f800 Uncommon trap: reason=class_check action=maybe_recompile pc=0x000000000498c650 method=com.android.tools.build.apkzlib.zip.CentralDirectoryHeader.getCompressionInfoWithWait()Lcom/android/tools/build/apkzlib/zip/CentralDirectoryHeaderCompressInfo; @ 4
Event: 9283.269 Thread 0x000000001f01f800 Uncommon trap: reason=class_check action=maybe_recompile pc=0x000000000498c650 method=com.android.tools.build.apkzlib.zip.CentralDirectoryHeader.getCompressionInfoWithWait()Lcom/android/tools/build/apkzlib/zip/CentralDirectoryHeaderCompressInfo; @ 4
Event: 9283.271 Thread 0x000000001f01f800 Uncommon trap: reason=bimorphic action=maybe_recompile pc=0x00000000069b5348 method=com.google.common.base.Objects.equal(Ljava/lang/Object;Ljava/lang/Object;)Z @ 11

Classes redefined (0 events):
No events

Internal exceptions (10 events):
Event: 9228.849 Thread 0x000000001f01f800 Exception <a 'java/lang/NoSuchMethodError': java.lang.Object.lambda$and$0(Ljava/util/function/Predicate;Ljava/lang/Object;)Z> (0x00000000e011b0d0) thrown at [C:\re\workspace\8-2-build-windows-amd64-cygwin\jdk8u181\11358\hotspot\src\share\vm\interpreter\li
Event: 9231.877 Thread 0x000000001f01f800 Exception <a 'java/lang/NoSuchMethodError': java.lang.Object.newSystemTemporaryDirectory()Lcom/android/tools/build/apkzlib/bytestorage/TemporaryDirectory;> (0x00000000e04bdd30) thrown at [C:\re\workspace\8-2-build-windows-amd64-cygwin\jdk8u181\11358\hotsp
Event: 9231.985 Thread 0x000000001f01f800 Implicit null exception at 0x000000000510c614 to 0x000000000510cfed
Event: 9251.414 Thread 0x0000000017ee6000 Exception <a 'java/lang/NoSuchMethodError': java.lang.Object.lambda$static$0(Ljava/lang/String;)Z> (0x00000000e2e23e10) thrown at [C:\re\workspace\8-2-build-windows-amd64-cygwin\jdk8u181\11358\hotspot\src\share\vm\interpreter\linkResolver.cpp, line 620]
Event: 9254.871 Thread 0x0000000017ee6000 Exception <a 'sun/nio/fs/WindowsException'> (0x00000000e027f878) thrown at [C:\re\workspace\8-2-build-windows-amd64-cygwin\jdk8u181\11358\hotspot\src\share\vm\prims\jni.cpp, line 709]
Event: 9254.872 Thread 0x000000001a558800 Exception <a 'sun/nio/fs/WindowsException'> (0x00000000e01d5eb8) thrown at [C:\re\workspace\8-2-build-windows-amd64-cygwin\jdk8u181\11358\hotspot\src\share\vm\prims\jni.cpp, line 709]
Event: 9274.008 Thread 0x0000000017ee6000 Exception <a 'java/lang/NoSuchMethodError': java.lang.Object.lambda$maxBy$1(Ljava/util/Comparator;Ljava/lang/Object;Ljava/lang/Object;)Ljava/lang/Object;> (0x00000000e3c4b0e8) thrown at [C:\re\workspace\8-2-build-windows-amd64-cygwin\jdk8u181\11358\hotspo
Event: 9274.008 Thread 0x000000001a558800 Exception <a 'java/lang/NoSuchMethodError': java.lang.Object.lambda$maxBy$1(Ljava/util/Comparator;Ljava/lang/Object;Ljava/lang/Object;)Ljava/lang/Object;> (0x00000000e3b932c0) thrown at [C:\re\workspace\8-2-build-windows-amd64-cygwin\jdk8u181\11358\hotspo
Event: 9275.120 Thread 0x0000000017ee4800 Exception <a 'java/lang/NoSuchMethodError': <clinit>> (0x00000000e010c430) thrown at [C:\re\workspace\8-2-build-windows-amd64-cygwin\jdk8u181\11358\hotspot\src\share\vm\prims\jni.cpp, line 1613]
Event: 9283.029 Thread 0x000000001f01f800 Implicit null exception at 0x0000000006b23c30 to 0x0000000006b23c40

Events (10 events):
Event: 9283.606 Executing VM operation: ParallelGCFailedAllocation
Event: 9283.642 Executing VM operation: ParallelGCFailedAllocation done
Event: 9283.649 Thread 0x0000000017ee6000 DEOPT PACKING pc=0x0000000006c379ec sp=0x000000002a16afb0
Event: 9283.649 Thread 0x0000000017ee6000 DEOPT UNPACKING pc=0x0000000003057890 sp=0x000000002a16ad68 mode 0
Event: 9283.733 Thread 0x0000000017ee6000 DEOPT PACKING pc=0x00000000040c0e81 sp=0x000000002a16ace0
Event: 9283.733 Thread 0x0000000017ee6000 DEOPT UNPACKING pc=0x0000000003057890 sp=0x000000002a16ab70 mode 0
Event: 9283.864 loading class com/android/tools/r8/graph/AppInfo$d
Event: 9283.864 loading class com/android/tools/r8/graph/AppInfo$d done
Event: 9283.865 loading class com/android/tools/r8/graph/AppInfo$b
Event: 9283.865 loading class com/android/tools/r8/graph/AppInfo$b done


Dynamic libraries:
0x00007ff69b570000 - 0x00007ff69b5a7000 	C:\Program Files\Java\jdk1.8.0_181\bin\java.exe
0x00007ff8c50d0000 - 0x00007ff8c52b1000 	C:\WINDOWS\SYSTEM32\ntdll.dll
0x00007ff8c47a0000 - 0x00007ff8c4851000 	C:\WINDOWS\System32\KERNEL32.DLL
0x00007ff8c2080000 - 0x00007ff8c22f3000 	C:\WINDOWS\System32\KERNELBASE.dll
0x00007ff8c4890000 - 0x00007ff8c4931000 	C:\WINDOWS\System32\ADVAPI32.dll
0x00007ff8c45b0000 - 0x00007ff8c464e000 	C:\WINDOWS\System32\msvcrt.dll
0x00007ff8c4f00000 - 0x00007ff8c4f5b000 	C:\WINDOWS\System32\sechost.dll
0x00007ff8c4f70000 - 0x00007ff8c5094000 	C:\WINDOWS\System32\RPCRT4.dll
0x00007ff8c4940000 - 0x00007ff8c4ad0000 	C:\WINDOWS\System32\USER32.dll
0x00007ff8c1da0000 - 0x00007ff8c1dc0000 	C:\WINDOWS\System32\win32u.dll
0x00007ff8c4860000 - 0x00007ff8c4888000 	C:\WINDOWS\System32\GDI32.dll
0x00007ff8c1dc0000 - 0x00007ff8c1f51000 	C:\WINDOWS\System32\gdi32full.dll
0x00007ff8c1f60000 - 0x00007ff8c1fff000 	C:\WINDOWS\System32\msvcp_win.dll
0x00007ff8c2300000 - 0x00007ff8c23f8000 	C:\WINDOWS\System32\ucrtbase.dll
0x00007ff8b67e0000 - 0x00007ff8b6a49000 	C:\WINDOWS\WinSxS\amd64_microsoft.windows.common-controls_6595b64144ccf1df_6.0.17134.950_none_fb3da4273069d3e0\COMCTL32.dll
0x00007ff8c4bb0000 - 0x00007ff8c4ed2000 	C:\WINDOWS\System32\combase.dll
0x00007ff8c2000000 - 0x00007ff8c2079000 	C:\WINDOWS\System32\bcryptPrimitives.dll
0x00007ff8c4700000 - 0x00007ff8c472d000 	C:\WINDOWS\System32\IMM32.DLL
0x0000000056a60000 - 0x0000000056b32000 	C:\Program Files\Java\jdk1.8.0_181\jre\bin\msvcr100.dll
0x0000000052de0000 - 0x0000000053682000 	C:\Program Files\Java\jdk1.8.0_181\jre\bin\server\jvm.dll
0x00007ff8c4ad0000 - 0x00007ff8c4ad8000 	C:\WINDOWS\System32\PSAPI.DLL
0x00007ff8b2af0000 - 0x00007ff8b2af9000 	C:\WINDOWS\SYSTEM32\WSOCK32.dll
0x00007ff8b7320000 - 0x00007ff8b732a000 	C:\WINDOWS\SYSTEM32\VERSION.dll
0x00007ff8bd3d0000 - 0x00007ff8bd3f3000 	C:\WINDOWS\SYSTEM32\WINMM.dll
0x00007ff8c4730000 - 0x00007ff8c479c000 	C:\WINDOWS\System32\WS2_32.dll
0x00007ff8bd3a0000 - 0x00007ff8bd3ca000 	C:\WINDOWS\SYSTEM32\WINMMBASE.dll
0x00007ff8c2510000 - 0x00007ff8c2559000 	C:\WINDOWS\System32\cfgmgr32.dll
0x0000000056a50000 - 0x0000000056a5f000 	C:\Program Files\Java\jdk1.8.0_181\jre\bin\verify.dll
0x0000000056a20000 - 0x0000000056a49000 	C:\Program Files\Java\jdk1.8.0_181\jre\bin\java.dll
0x0000000056a00000 - 0x0000000056a16000 	C:\Program Files\Java\jdk1.8.0_181\jre\bin\zip.dll
0x00007ff8c3170000 - 0x00007ff8c45b0000 	C:\WINDOWS\System32\SHELL32.dll
0x00007ff8c4650000 - 0x00007ff8c46f9000 	C:\WINDOWS\System32\shcore.dll
0x00007ff8c14a0000 - 0x00007ff8c1bad000 	C:\WINDOWS\System32\windows.storage.dll
0x00007ff8c27d0000 - 0x00007ff8c2821000 	C:\WINDOWS\System32\shlwapi.dll
0x00007ff8c1480000 - 0x00007ff8c1491000 	C:\WINDOWS\System32\kernel.appcore.dll
0x00007ff8c13f0000 - 0x00007ff8c140f000 	C:\WINDOWS\System32\profapi.dll
0x00007ff8c1430000 - 0x00007ff8c147c000 	C:\WINDOWS\System32\powrprof.dll
0x00007ff8c13e0000 - 0x00007ff8c13ea000 	C:\WINDOWS\System32\FLTLIB.DLL
0x00000000569e0000 - 0x00000000569fa000 	C:\Program Files\Java\jdk1.8.0_181\jre\bin\net.dll
0x00007ff8c0c60000 - 0x00007ff8c0cc6000 	C:\WINDOWS\system32\mswsock.dll
0x00000000569c0000 - 0x00000000569d1000 	C:\Program Files\Java\jdk1.8.0_181\jre\bin\nio.dll
0x00007ff8a2d70000 - 0x00007ff8a2d96000 	C:\Users\7560-1525\.gradle\native\29\windows-amd64\native-platform.dll
0x00000000569b0000 - 0x00000000569bd000 	C:\Program Files\Java\jdk1.8.0_181\jre\bin\management.dll
0x00007ff8c0e20000 - 0x00007ff8c0e37000 	C:\WINDOWS\SYSTEM32\CRYPTSP.dll
0x00007ff8c0810000 - 0x00007ff8c0843000 	C:\WINDOWS\system32\rsaenh.dll
0x00007ff8c0f40000 - 0x00007ff8c0f65000 	C:\WINDOWS\SYSTEM32\bcrypt.dll
0x00007ff8c12e0000 - 0x00007ff8c1308000 	C:\WINDOWS\SYSTEM32\USERENV.dll
0x00007ff8c0e10000 - 0x00007ff8c0e1b000 	C:\WINDOWS\SYSTEM32\CRYPTBASE.dll
0x00007ff8c09b0000 - 0x00007ff8c09e8000 	C:\WINDOWS\SYSTEM32\IPHLPAPI.DLL
0x00007ff8c2f80000 - 0x00007ff8c2f88000 	C:\WINDOWS\System32\NSI.dll
0x00007ff8b8690000 - 0x00007ff8b86a6000 	C:\WINDOWS\SYSTEM32\dhcpcsvc6.DLL
0x00007ff8b8670000 - 0x00007ff8b868a000 	C:\WINDOWS\SYSTEM32\dhcpcsvc.DLL
0x0000000056c60000 - 0x0000000056c84000 	C:\Program Files\Java\jdk1.8.0_181\jre\bin\sunec.dll
0x00007ff8c09f0000 - 0x00007ff8c0aae000 	C:\WINDOWS\SYSTEM32\DNSAPI.dll
0x00007ff8b5510000 - 0x00007ff8b551a000 	C:\Windows\System32\rasadhlp.dll
0x00007ff8b5540000 - 0x00007ff8b55b2000 	C:\WINDOWS\System32\fwpuclnt.dll
0x0000000056c50000 - 0x0000000056c5b000 	C:\Program Files\Java\jdk1.8.0_181\jre\bin\sunmscapi.dll
0x00007ff8c1bb0000 - 0x00007ff8c1d92000 	C:\WINDOWS\System32\CRYPT32.dll
0x00007ff8c1410000 - 0x00007ff8c1422000 	C:\WINDOWS\System32\MSASN1.dll
0x00000000550e0000 - 0x0000000055279000 	C:\Program Files\Java\jdk1.8.0_181\jre\bin\awt.dll
0x00007ff8c4ae0000 - 0x00007ff8c4ba2000 	C:\WINDOWS\System32\OLEAUT32.dll
0x00007ff8bf170000 - 0x00007ff8bf1fb000 	C:\WINDOWS\SYSTEM32\apphelp.dll
0x00007ff8bf470000 - 0x00007ff8bf499000 	C:\WINDOWS\system32\DWMAPI.DLL
0x00007ff8bf2f0000 - 0x00007ff8bf388000 	C:\WINDOWS\system32\uxtheme.dll
0x0000000056c10000 - 0x0000000056c3a000 	C:\Program Files\Java\jdk1.8.0_181\jre\bin\dcpr.dll

VM Arguments:
jvm_args: -Xmx1536m -Dfile.encoding=GBK -Duser.country=CN -Duser.language=zh -Duser.variant 
java_command: org.gradle.launcher.daemon.bootstrap.GradleDaemon 5.4.1
java_class_path (initial): C:\Users\7560-1525\.gradle\wrapper\dists\gradle-5.4.1-all\3221gyojl5jsh0helicew7rwx\gradle-5.4.1\lib\gradle-launcher-5.4.1.jar
Launcher Type: SUN_STANDARD

Environment Variables:
JAVA_HOME=C:\Program Files\Java\jdk1.8.0_181
CLASSPATH=C:\Program Files\Java\jdk1.8.0_181\lib\dt.jar;C:\Program Files\Java\jdk1.8.0_181\lib\tools.jar
PATH=C:\Program Files (x86)\Common Files\Oracle\Java\javapath;C:\Program Files (x86)\Intel\iCLS Client\;C:\Program Files\Intel\iCLS Client\;C:\Windows\system32;C:\Windows;C:\Windows\System32\Wbem;C:\Windows\System32\WindowsPowerShell\v1.0\;C:\Program Files (x86)\NVIDIA Corporation\PhysX\Common;C:\Program Files (x86)\Intel\Intel(R) Management Engine Components\DAL;C:\Program Files\Intel\Intel(R) Management Engine Components\DAL;C:\Program Files (x86)\Intel\Intel(R) Management Engine Components\IPT;C:\Program Files\Intel\Intel(R) Management Engine Components\IPT;C:\Program Files\TortoiseGit\bin;C:\Program Files\Microsoft\Web Platform Installer\;C:\Program Files (x86)\Microsoft ASP.NET\ASP.NET Web Pages\v1.0\;C:\Program Files (x86)\Windows Kits\8.0\Windows Performance Toolkit\;C:\Program Files\Microsoft SQL Server\110\Tools\Binn\;C:\WINDOWS\system32;C:\WINDOWS;C:\WINDOWS\System32\Wbem;C:\WINDOWS\System32\WindowsPowerShell\v1.0\;C:\Program Files\Java\jdk1.8.0_181\bin;C:\WINDOWS\System32\OpenSSH\;C:\Program Files (x86)\Microsoft SQL Server\100\Tools\Binn\;C:\Program Files\Microsoft SQL Server\100\Tools\Binn\;C:\Program Files\Microsoft SQL Server\100\DTS\Binn\;C:\Program Files (x86)\Microsoft SQL Server\100\Tools\Binn\VSShell\Common7\IDE\;C:\Program Files (x86)\Microsoft SQL Server\100\DTS\Binn\;C:\Program Files (x86)\Microsoft Visual Studio 9.0\Common7\IDE\PrivateAssemblies\;C:\Program Files\Git\cmd;C:\Program Files\Intel\WiFi\bin\;C:\Program Files\Common Files\Intel\WirelessCommon\;C:\Program Files\Java\7560-1525;C:\Users\7560-1525\AppData\Local\Microsoft\WindowsApps;C:\Program Files\Java\jdk1.8.0_181\bin;
USERNAME=7560-1525
OS=Windows_NT
PROCESSOR_IDENTIFIER=Intel64 Family 6 Model 142 Stepping 9, GenuineIntel



---------------  S Y S T E M  ---------------

OS: Windows 10.0 , 64 bit Build 17134 (10.0.17134.753)

CPU:total 4 (initial active 4) (2 cores per cpu, 2 threads per core) family 6 model 142 stepping 9, cmov, cx8, fxsr, mmx, sse, sse2, sse3, ssse3, sse4.1, sse4.2, popcnt, avx, avx2, aes, clmul, erms, 3dnowpref, lzcnt, ht, tsc, tscinvbit, bmi1, bmi2, adx

Memory: 4k page, physical 8284644k(383596k free), swap 16673252k(5476k free)

vm_info: Java HotSpot(TM) 64-Bit Server VM (25.181-b13) for windows-amd64 JRE (1.8.0_181-b13), built on Jul  7 2018 04:01:33 by "java_re" with MS VC++ 10.0 (VS2010)

time: Mon Dec 02 23:08:48 2019
elapsed time: 9285 seconds (0d 2h 34m 45s)

