#
# There is insufficient memory for the Java Runtime Environment to continue.
# Native memory allocation (malloc) failed to allocate 32744 bytes for ChunkPool::allocate
# Possible reasons:
#   The system is out of physical RAM or swap space
#   In 32 bit mode, the process size limit was hit
# Possible solutions:
#   Reduce memory load on the system
#   Increase physical memory or swap space
#   Check if swap backing store is full
#   Use 64 bit Java on a 64 bit OS
#   Decrease Java heap size (-Xmx/-Xms)
#   Decrease number of Java threads
#   Decrease Java thread stack sizes (-Xss)
#   Set larger code cache with -XX:ReservedCodeCacheSize=
# This output file may be truncated or incomplete.
#
#  Out of Memory Error (allocation.cpp:273), pid=210412, tid=0x0000000000033324
#
# JRE version: Java(TM) SE Runtime Environment (8.0_181-b13) (build 1.8.0_181-b13)
# Java VM: Java HotSpot(TM) 64-Bit Server VM (25.181-b13 mixed mode windows-amd64 compressed oops)
# Failed to write core dump. Minidumps are not enabled by default on client versions of Windows
#

---------------  T H R E A D  ---------------

Current thread (0x0000000016c9d800):  JavaThread "C2 CompilerThread0" daemon [_thread_in_native, id=209700, stack(0x0000000018610000,0x0000000018710000)]

Stack: [0x0000000018610000,0x0000000018710000]
[error occurred during error reporting (printing stack bounds), id 0xc0000005]

Native frames: (J=compiled Java code, j=interpreted, Vv=VM code, C=native code)


Current CompileTask:
C2:8376868 9345       4      
[error occurred during error reporting (printing current compile task), id 0xe0000001]


---------------  P R O C E S S  ---------------

Java Threads: ( => current thread )
  0x000000001f749000 JavaThread "Cache worker for file content cache (E:\Android\ProjectTraining\Project\CatchTime\.gradle\5.4.1\fileContent)" [_thread_blocked, id=220664, stack(0x0000000024300000,0x0000000024400000)]
  0x000000001f748000 JavaThread "Cache worker for file content cache (C:\Users\7560-1525\.gradle\caches\5.4.1\fileContent)" [_thread_blocked, id=220636, stack(0x0000000024200000,0x0000000024300000)]
  0x000000001f747800 JavaThread "Cache worker for Build Output Cleanup Cache (E:\Android\ProjectTraining\Project\CatchTime\.gradle\buildOutputCleanup)" [_thread_blocked, id=220984, stack(0x0000000024100000,0x0000000024200000)]
  0x000000001f740000 JavaThread "pool-2-thread-1" [_thread_blocked, id=216984, stack(0x0000000024000000,0x0000000024100000)]
  0x000000001f746800 JavaThread "Build operations Thread 4" [_thread_blocked, id=220048, stack(0x0000000023a00000,0x0000000023b00000)]
  0x000000001f73f000 JavaThread "Build operations Thread 3" [_thread_in_native, id=195348, stack(0x0000000023900000,0x0000000023a00000)]
  0x000000001f746000 JavaThread "Build operations Thread 2" [_thread_blocked, id=217608, stack(0x0000000023800000,0x0000000023900000)]
  0x000000001f745000 JavaThread "Build operations" [_thread_blocked, id=219176, stack(0x0000000023700000,0x0000000023800000)]
  0x000000001f742000 JavaThread "Cache worker for cache directory md-rule (C:\Users\7560-1525\.gradle\caches\5.4.1\md-rule)" [_thread_blocked, id=219432, stack(0x0000000023600000,0x0000000023700000)]
  0x000000001f741800 JavaThread "Cache worker for cache directory md-supplier (C:\Users\7560-1525\.gradle\caches\5.4.1\md-supplier)" [_thread_blocked, id=219268, stack(0x0000000023500000,0x0000000023600000)]
  0x000000001f73d800 JavaThread "Cache worker for file hash cache (E:\Android\ProjectTraining\Project\CatchTime\.gradle\5.4.1\fileHashes)" [_thread_blocked, id=218328, stack(0x0000000023400000,0x0000000023500000)]
  0x000000001f744800 JavaThread "Thread-32" [_thread_blocked, id=218920, stack(0x0000000023300000,0x0000000023400000)]
  0x000000001f73d000 JavaThread "Asynchronous log dispatcher for DefaultDaemonConnection: socket connection from /127.0.0.1:58667 to /127.0.0.1:60281" [_thread_blocked, id=217416, stack(0x0000000023100000,0x0000000023200000)]
  0x000000001f743800 JavaThread "Daemon worker Thread 2" [_thread_in_native, id=214240, stack(0x0000000023000000,0x0000000023100000)]
  0x000000001f743000 JavaThread "Cancel handler" [_thread_blocked, id=207924, stack(0x0000000022f00000,0x0000000023000000)]
  0x000000001f740800 JavaThread "Handler for socket connection from /127.0.0.1:58667 to /127.0.0.1:60281" [_thread_in_native, id=215520, stack(0x0000000022e00000,0x0000000022f00000)]
  0x000000001f73e800 JavaThread "Daemon Thread 2" [_thread_blocked, id=210692, stack(0x0000000022d00000,0x0000000022e00000)]
  0x000000001f73b800 JavaThread "Memory manager" [_thread_blocked, id=182912, stack(0x0000000021f60000,0x0000000022060000)]
  0x000000001930a800 JavaThread "Cache worker for execution history cache (C:\Users\7560-1525\.gradle\caches\5.4.1\executionHistory)" [_thread_blocked, id=174936, stack(0x0000000020a60000,0x0000000020b60000)]
  0x000000001930f000 JavaThread "Cache worker for journal cache (C:\Users\7560-1525\.gradle\caches\journal-1)" [_thread_blocked, id=198232, stack(0x000000001c6a0000,0x000000001c7a0000)]
  0x000000001930c800 JavaThread "File lock request listener" [_thread_in_native, id=210392, stack(0x000000001c2a0000,0x000000001c3a0000)]
  0x000000001930d800 JavaThread "Cache worker for file hash cache (C:\Users\7560-1525\.gradle\caches\5.4.1\fileHashes)" [_thread_blocked, id=210064, stack(0x000000001c1a0000,0x000000001c2a0000)]
  0x000000001a2cb800 JavaThread "Daemon periodic checks" [_thread_blocked, id=187892, stack(0x000000001b7a0000,0x000000001b8a0000)]
  0x0000000019aae800 JavaThread "Incoming local TCP Connector on port 58667" [_thread_in_native, id=210748, stack(0x000000001b5f0000,0x000000001b6f0000)]
  0x0000000019853000 JavaThread "Daemon health stats" [_thread_blocked, id=184840, stack(0x000000001b2d0000,0x000000001b3d0000)]
  0x00000000180d1800 JavaThread "Service Thread" daemon [_thread_blocked, id=190336, stack(0x0000000018910000,0x0000000018a10000)]
  0x000000001802c000 JavaThread "C1 CompilerThread2" daemon [_thread_in_vm, id=207064, stack(0x0000000018810000,0x0000000018910000)]
  0x000000001801c000 JavaThread "C2 CompilerThread1" daemon [_thread_blocked, id=208980, stack(0x0000000018710000,0x0000000018810000)]
=>0x0000000016c9d800 JavaThread "C2 CompilerThread0" daemon [_thread_in_native, id=209700, stack(0x0000000018610000,0x0000000018710000)]
  0x0000000016c9c800 JavaThread "Attach Listener" daemon [_thread_blocked, id=166388, stack(0x0000000018510000,0x0000000018610000)]
  0x0000000018018800 JavaThread "Signal Dispatcher" daemon [_thread_blocked, id=198216, stack(0x0000000018410000,0x0000000018510000)]
  0x000000000328b000 JavaThread "Finalizer" daemon [_thread_blocked, id=209720, stack(0x0000000017ea0000,0x0000000017fa0000)]
  0x0000000003282000 JavaThread "Reference Handler" daemon [_thread_blocked, id=210932, stack(0x0000000017da0000,0x0000000017ea0000)]
  0x0000000003192800 JavaThread "main" [_thread_blocked, id=209892, stack(0x0000000002d30000,0x0000000002e30000)]

Other Threads:
  0x0000000016c07800 VMThread [stack: 0x0000000017ca0000,0x0000000017da0000] [id=209748]
  0x00000000180d3800 WatcherThread [stack: 0x0000000018a10000,0x0000000018b10000] [id=185856]

VM state:not at safepoint (normal execution)

VM Mutex/Monitor currently owned by a thread: None

Heap:
 PSYoungGen      total 57856K, used 33424K [0x00000000e0000000, 0x00000000e4a80000, 0x0000000100000000)
  eden space 48640K, 49% used [0x00000000e0000000,0x00000000e17a8d68,0x00000000e2f80000)
  from space 9216K, 99% used [0x00000000e3c80000,0x00000000e457b460,0x00000000e4580000)
  to   space 13312K, 0% used [0x00000000e2f80000,0x00000000e2f80000,0x00000000e3c80000)
 ParOldGen       total 77824K, used 32587K [0x00000000a0000000, 0x00000000a4c00000, 0x00000000e0000000)
  object space 77824K, 41% used [0x00000000a0000000,0x00000000a1fd2e30,0x00000000a4c00000)
 Metaspace       used 70766K, capacity 72914K, committed 73216K, reserved 1112064K
  class space    used 9329K, capacity 9911K, committed 9984K, reserved 1048576K

Card table byte_map: [0x0000000012690000,0x00000000129a0000] byte_map_base: 0x0000000012190000

Marking Bits: (ParMarkBitMap*) 0x000000006c222d00
 Begin Bits: [0x0000000012fa0000, 0x00000000147a0000)
 End Bits:   [0x00000000147a0000, 0x0000000015fa0000)

Polling page: 0x00000000015e0000

CodeCache: size=245760Kb used=25621Kb max_used=25621Kb free=220138Kb
 bounds [0x00000000032d0000, 0x0000000004c00000, 0x00000000122d0000]
 total_blobs=8831 nmethods=7978 adapters=764
 compilation: enabled

Compilation events (10 events):
Event: 8372.597 Thread 0x000000001802c000 9343       3       sun.security.ssl.OutputRecord::write (532 bytes)
Event: 8372.599 Thread 0x000000001802c000 nmethod 9343 0x0000000004be2ed0 code [0x0000000004be3240, 0x0000000004be5608]
Event: 8373.209 Thread 0x000000001802c000 9344       3       java.util.concurrent.ConcurrentHashMap$KeySetView::<init> (11 bytes)
Event: 8373.209 Thread 0x000000001802c000 nmethod 9344 0x00000000046afe50 code [0x00000000046affc0, 0x00000000046b01f0]
Event: 8373.209 Thread 0x0000000016c9d800 9345       4       java.io.ObjectOutputStream::writeClassDesc (60 bytes)
Event: 8373.210 Thread 0x000000001802c000 9346       3       java.net.SocketOutputStream::write (8 bytes)
Event: 8373.210 Thread 0x000000001802c000 nmethod 9346 0x00000000046afa90 code [0x00000000046afc00, 0x00000000046afd88]
Event: 8373.210 Thread 0x000000001802c000 9347   !   3       java.net.SocketOutputStream::socketWrite (159 bytes)
Event: 8373.211 Thread 0x000000001802c000 nmethod 9347 0x0000000004bf4bd0 code [0x0000000004bf4ec0, 0x0000000004bf63f8]
Event: 8373.459 Thread 0x000000001802c000 9348       3       org.gradle.tooling.internal.provider.events.AbstractResult::<init> (21 bytes)

GC Heap History (10 events):
Event: 82.104 GC heap before
{Heap before GC invocations=25 (full 3):
 PSYoungGen      total 55808K, used 45568K [0x00000000e0000000, 0x00000000e4d80000, 0x0000000100000000)
  eden space 45568K, 100% used [0x00000000e0000000,0x00000000e2c80000,0x00000000e2c80000)
  from space 10240K, 0% used [0x00000000e2c80000,0x00000000e2c80000,0x00000000e3680000)
  to   space 10752K, 0% used [0x00000000e4300000,0x00000000e4300000,0x00000000e4d80000)
 ParOldGen       total 77824K, used 28661K [0x00000000a0000000, 0x00000000a4c00000, 0x00000000e0000000)
  object space 77824K, 36% used [0x00000000a0000000,0x00000000a1bfd420,0x00000000a4c00000)
 Metaspace       used 58703K, capacity 60316K, committed 60544K, reserved 1101824K
  class space    used 8165K, capacity 8553K, committed 8576K, reserved 1048576K
Event: 82.112 GC heap after
Heap after GC invocations=25 (full 3):
 PSYoungGen      total 58368K, used 3710K [0x00000000e0000000, 0x00000000e4880000, 0x0000000100000000)
  eden space 52736K, 0% used [0x00000000e0000000,0x00000000e0000000,0x00000000e3380000)
  from space 5632K, 65% used [0x00000000e4300000,0x00000000e469fb08,0x00000000e4880000)
  to   space 10752K, 0% used [0x00000000e3380000,0x00000000e3380000,0x00000000e3e00000)
 ParOldGen       total 77824K, used 28661K [0x00000000a0000000, 0x00000000a4c00000, 0x00000000e0000000)
  object space 77824K, 36% used [0x00000000a0000000,0x00000000a1bfd420,0x00000000a4c00000)
 Metaspace       used 58703K, capacity 60316K, committed 60544K, reserved 1101824K
  class space    used 8165K, capacity 8553K, committed 8576K, reserved 1048576K
}
Event: 4823.670 GC heap before
{Heap before GC invocations=26 (full 3):
 PSYoungGen      total 58368K, used 56446K [0x00000000e0000000, 0x00000000e4880000, 0x0000000100000000)
  eden space 52736K, 100% used [0x00000000e0000000,0x00000000e3380000,0x00000000e3380000)
  from space 5632K, 65% used [0x00000000e4300000,0x00000000e469fb08,0x00000000e4880000)
  to   space 10752K, 0% used [0x00000000e3380000,0x00000000e3380000,0x00000000e3e00000)
 ParOldGen       total 77824K, used 28661K [0x00000000a0000000, 0x00000000a4c00000, 0x00000000e0000000)
  object space 77824K, 36% used [0x00000000a0000000,0x00000000a1bfd420,0x00000000a4c00000)
 Metaspace       used 61772K, capacity 63482K, committed 63872K, reserved 1103872K
  class space    used 8351K, capacity 8752K, committed 8832K, reserved 1048576K
Event: 4832.650 GC heap after
Heap after GC invocations=26 (full 3):
 PSYoungGen      total 57344K, used 5160K [0x00000000e0000000, 0x00000000e4680000, 0x0000000100000000)
  eden space 51712K, 0% used [0x00000000e0000000,0x00000000e0000000,0x00000000e3280000)
  from space 5632K, 91% used [0x00000000e3380000,0x00000000e388a140,0x00000000e3900000)
  to   space 10240K, 0% used [0x00000000e3c80000,0x00000000e3c80000,0x00000000e4680000)
 ParOldGen       total 77824K, used 28669K [0x00000000a0000000, 0x00000000a4c00000, 0x00000000e0000000)
  object space 77824K, 36% used [0x00000000a0000000,0x00000000a1bff420,0x00000000a4c00000)
 Metaspace       used 61772K, capacity 63482K, committed 63872K, reserved 1103872K
  class space    used 8351K, capacity 8752K, committed 8832K, reserved 1048576K
}
Event: 7888.842 GC heap before
{Heap before GC invocations=27 (full 3):
 PSYoungGen      total 57344K, used 56872K [0x00000000e0000000, 0x00000000e4680000, 0x0000000100000000)
  eden space 51712K, 100% used [0x00000000e0000000,0x00000000e3280000,0x00000000e3280000)
  from space 5632K, 91% used [0x00000000e3380000,0x00000000e388a140,0x00000000e3900000)
  to   space 10240K, 0% used [0x00000000e3c80000,0x00000000e3c80000,0x00000000e4680000)
 ParOldGen       total 77824K, used 28669K [0x00000000a0000000, 0x00000000a4c00000, 0x00000000e0000000)
  object space 77824K, 36% used [0x00000000a0000000,0x00000000a1bff420,0x00000000a4c00000)
 Metaspace       used 64624K, capacity 66408K, committed 66688K, reserved 1107968K
  class space    used 8650K, capacity 9045K, committed 9088K, reserved 1048576K
Event: 7891.856 GC heap after
Heap after GC invocations=27 (full 3):
 PSYoungGen      total 59904K, used 6631K [0x00000000e0000000, 0x00000000e4580000, 0x0000000100000000)
  eden space 50688K, 0% used [0x00000000e0000000,0x00000000e0000000,0x00000000e3180000)
  from space 9216K, 71% used [0x00000000e3c80000,0x00000000e42f9d68,0x00000000e4580000)
  to   space 10240K, 0% used [0x00000000e3180000,0x00000000e3180000,0x00000000e3b80000)
 ParOldGen       total 77824K, used 28677K [0x00000000a0000000, 0x00000000a4c00000, 0x00000000e0000000)
  object space 77824K, 36% used [0x00000000a0000000,0x00000000a1c01420,0x00000000a4c00000)
 Metaspace       used 64624K, capacity 66408K, committed 66688K, reserved 1107968K
  class space    used 8650K, capacity 9045K, committed 9088K, reserved 1048576K
}
Event: 8009.218 GC heap before
{Heap before GC invocations=28 (full 3):
 PSYoungGen      total 59904K, used 57319K [0x00000000e0000000, 0x00000000e4580000, 0x0000000100000000)
  eden space 50688K, 100% used [0x00000000e0000000,0x00000000e3180000,0x00000000e3180000)
  from space 9216K, 71% used [0x00000000e3c80000,0x00000000e42f9d68,0x00000000e4580000)
  to   space 10240K, 0% used [0x00000000e3180000,0x00000000e3180000,0x00000000e3b80000)
 ParOldGen       total 77824K, used 28677K [0x00000000a0000000, 0x00000000a4c00000, 0x00000000e0000000)
  object space 77824K, 36% used [0x00000000a0000000,0x00000000a1c01420,0x00000000a4c00000)
 Metaspace       used 68042K, capacity 69912K, committed 70016K, reserved 1110016K
  class space    used 9092K, capacity 9583K, committed 9600K, reserved 1048576K
Event: 8010.063 GC heap after
Heap after GC invocations=28 (full 3):
 PSYoungGen      total 60928K, used 10217K [0x00000000e0000000, 0x00000000e4580000, 0x0000000100000000)
  eden space 50688K, 0% used [0x00000000e0000000,0x00000000e0000000,0x00000000e3180000)
  from space 10240K, 99% used [0x00000000e3180000,0x00000000e3b7a748,0x00000000e3b80000)
  to   space 9216K, 0% used [0x00000000e3c80000,0x00000000e3c80000,0x00000000e4580000)
 ParOldGen       total 77824K, used 29235K [0x00000000a0000000, 0x00000000a4c00000, 0x00000000e0000000)
  object space 77824K, 37% used [0x00000000a0000000,0x00000000a1c8ccf8,0x00000000a4c00000)
 Metaspace       used 68042K, capacity 69912K, committed 70016K, reserved 1110016K
  class space    used 9092K, capacity 9583K, committed 9600K, reserved 1048576K
}
Event: 8264.163 GC heap before
{Heap before GC invocations=29 (full 3):
 PSYoungGen      total 60928K, used 60905K [0x00000000e0000000, 0x00000000e4580000, 0x0000000100000000)
  eden space 50688K, 100% used [0x00000000e0000000,0x00000000e3180000,0x00000000e3180000)
  from space 10240K, 99% used [0x00000000e3180000,0x00000000e3b7a748,0x00000000e3b80000)
  to   space 9216K, 0% used [0x00000000e3c80000,0x00000000e3c80000,0x00000000e4580000)
 ParOldGen       total 77824K, used 29235K [0x00000000a0000000, 0x00000000a4c00000, 0x00000000e0000000)
  object space 77824K, 37% used [0x00000000a0000000,0x00000000a1c8ccf8,0x00000000a4c00000)
 Metaspace       used 69956K, capacity 72226K, committed 72320K, reserved 1112064K
  class space    used 9268K, capacity 9839K, committed 9856K, reserved 1048576K
Event: 8264.738 GC heap after
Heap after GC invocations=29 (full 3):
 PSYoungGen      total 57856K, used 9197K [0x00000000e0000000, 0x00000000e4a80000, 0x0000000100000000)
  eden space 48640K, 0% used [0x00000000e0000000,0x00000000e0000000,0x00000000e2f80000)
  from space 9216K, 99% used [0x00000000e3c80000,0x00000000e457b460,0x00000000e4580000)
  to   space 13312K, 0% used [0x00000000e2f80000,0x00000000e2f80000,0x00000000e3c80000)
 ParOldGen       total 77824K, used 32587K [0x00000000a0000000, 0x00000000a4c00000, 0x00000000e0000000)
  object space 77824K, 41% used [0x00000000a0000000,0x00000000a1fd2e30,0x00000000a4c00000)
 Metaspace       used 69956K, capacity 72226K, committed 72320K, reserved 1112064K
  class space    used 9268K, capacity 9839K, committed 9856K, reserved 1048576K
}

Deoptimization events (10 events):
Event: 8267.639 Thread 0x000000001f743800 Uncommon trap: reason=class_check action=maybe_recompile pc=0x0000000003760878 method=java.util.zip.InflaterInputStream.read([BII)I @ 100
Event: 8267.639 Thread 0x000000001f743800 Uncommon trap: reason=class_check action=maybe_recompile pc=0x0000000003760878 method=java.util.zip.InflaterInputStream.read([BII)I @ 100
Event: 8269.908 Thread 0x000000001f743800 Uncommon trap: reason=unstable_if action=reinterpret pc=0x00000000034864a0 method=com.sun.org.apache.xerces.internal.utils.XMLSecurityManager.isOverLimit(ILcom/sun/org/apache/xerces/internal/utils/XMLLimitAnalyzer;)Z @ 28
Event: 8270.047 Thread 0x000000001f743800 Uncommon trap: reason=unstable_if action=reinterpret pc=0x00000000042503c0 method=com.sun.org.apache.xerces.internal.util.SymbolTable.addSymbol([CII)Ljava/lang/String; @ 64
Event: 8304.691 Thread 0x000000001f745000 Uncommon trap: reason=class_check action=maybe_recompile pc=0x0000000003d9b6c0 method=java.lang.Throwable.<init>(Ljava/lang/String;Ljava/lang/Throwable;)V @ 24
Event: 8306.444 Thread 0x000000001f744800 Uncommon trap: reason=unstable_if action=reinterpret pc=0x0000000004ab1df0 method=java.io.ObjectOutputStream$BlockDataOutputStream.writeBytes(Ljava/lang/String;)V @ 22
Event: 8306.444 Thread 0x000000001f744800 Uncommon trap: reason=unstable_if action=reinterpret pc=0x0000000004a83cb0 method=com.esotericsoftware.kryo.io.Output.writeBytes([BII)V @ 61
Event: 8306.444 Thread 0x000000001f744800 Uncommon trap: reason=unstable_if action=reinterpret pc=0x0000000004111f80 method=java.io.ObjectOutputStream$BlockDataOutputStream.writeBytes(Ljava/lang/String;)V @ 22
Event: 8347.973 Thread 0x000000001f743800 Uncommon trap: reason=unstable_if action=reinterpret pc=0x0000000004a9da78 method=com.sun.org.apache.xerces.internal.impl.XMLEntityScanner.scanContent(Lcom/sun/org/apache/xerces/internal/xni/XMLString;)I @ 670
Event: 8348.042 Thread 0x000000001f743800 Uncommon trap: reason=unstable_if action=reinterpret pc=0x00000000042d1380 method=java.util.regex.Pattern$Curly.match(Ljava/util/regex/Matcher;ILjava/lang/CharSequence;)Z @ 45

Classes redefined (0 events):
No events

Internal exceptions (10 events):
Event: 8348.170 Thread 0x000000001f743800 Exception <a 'java/net/SocketTimeoutException': Read timed out> (0x00000000e1302e68) thrown at [C:\re\workspace\8-2-build-windows-amd64-cygwin\jdk8u181\11358\hotspot\src\share\vm\prims\jni.cpp, line 735]
Event: 8356.007 Thread 0x000000001f743800 Exception <a 'java/net/SocketTimeoutException': Read timed out> (0x00000000e1336cd8) thrown at [C:\re\workspace\8-2-build-windows-amd64-cygwin\jdk8u181\11358\hotspot\src\share\vm\prims\jni.cpp, line 735]
Event: 8356.227 Thread 0x000000001f743800 Exception <a 'java/net/SocketTimeoutException': Read timed out> (0x00000000e13499a8) thrown at [C:\re\workspace\8-2-build-windows-amd64-cygwin\jdk8u181\11358\hotspot\src\share\vm\prims\jni.cpp, line 735]
Event: 8361.640 Thread 0x000000001f743800 Exception <a 'java/net/SocketTimeoutException': Read timed out> (0x00000000e13ba378) thrown at [C:\re\workspace\8-2-build-windows-amd64-cygwin\jdk8u181\11358\hotspot\src\share\vm\prims\jni.cpp, line 735]
Event: 8361.860 Thread 0x000000001f743800 Exception <a 'java/net/SocketTimeoutException': Read timed out> (0x00000000e13cd350) thrown at [C:\re\workspace\8-2-build-windows-amd64-cygwin\jdk8u181\11358\hotspot\src\share\vm\prims\jni.cpp, line 735]
Event: 8366.192 Thread 0x000000001f745000 Exception <a 'java/net/SocketTimeoutException': Read timed out> (0x00000000e15e0de0) thrown at [C:\re\workspace\8-2-build-windows-amd64-cygwin\jdk8u181\11358\hotspot\src\share\vm\prims\jni.cpp, line 735]
Event: 8368.646 Thread 0x000000001f743800 Exception <a 'java/net/SocketTimeoutException': Read timed out> (0x00000000e1556d10) thrown at [C:\re\workspace\8-2-build-windows-amd64-cygwin\jdk8u181\11358\hotspot\src\share\vm\prims\jni.cpp, line 735]
Event: 8369.299 Thread 0x000000001f73f000 Exception <a 'java/net/SocketTimeoutException': Read timed out> (0x00000000e16940b0) thrown at [C:\re\workspace\8-2-build-windows-amd64-cygwin\jdk8u181\11358\hotspot\src\share\vm\prims\jni.cpp, line 735]
Event: 8371.995 Thread 0x000000001f746800 Exception <a 'java/net/SocketTimeoutException': Read timed out> (0x00000000e16d26e0) thrown at [C:\re\workspace\8-2-build-windows-amd64-cygwin\jdk8u181\11358\hotspot\src\share\vm\prims\jni.cpp, line 735]
Event: 8372.201 Thread 0x000000001f745000 Exception <a 'java/net/SocketTimeoutException': Read timed out> (0x00000000e16084f8) thrown at [C:\re\workspace\8-2-build-windows-amd64-cygwin\jdk8u181\11358\hotspot\src\share\vm\prims\jni.cpp, line 735]

Events (10 events):
Event: 8369.133 Executing VM operation: RevokeBias
Event: 8369.133 Executing VM operation: RevokeBias done
Event: 8369.133 Executing VM operation: RevokeBias
Event: 8369.133 Executing VM operation: RevokeBias done
Event: 8369.133 Executing VM operation: RevokeBias
Event: 8369.134 Executing VM operation: RevokeBias done
Event: 8369.134 Executing VM operation: RevokeBias
Event: 8369.134 Executing VM operation: RevokeBias done
Event: 8369.134 Executing VM operation: RevokeBias
Event: 8369.134 Executing VM operation: RevokeBias done


Dynamic libraries:
0x00007ff64a300000 - 0x00007ff64a337000 	C:\Program Files\Java\jdk1.8.0_181\bin\java.exe
0x00007ffd45430000 - 0x00007ffd45611000 	C:\WINDOWS\SYSTEM32\ntdll.dll
0x00007ffd449f0000 - 0x00007ffd44aa1000 	C:\WINDOWS\System32\KERNEL32.DLL
0x00007ffd41a20000 - 0x00007ffd41c93000 	C:\WINDOWS\System32\KERNELBASE.dll
0x00007ffd42ad0000 - 0x00007ffd42b71000 	C:\WINDOWS\System32\ADVAPI32.dll
0x00007ffd42a30000 - 0x00007ffd42ace000 	C:\WINDOWS\System32\msvcrt.dll
0x00007ffd44990000 - 0x00007ffd449eb000 	C:\WINDOWS\System32\sechost.dll
0x00007ffd45100000 - 0x00007ffd45224000 	C:\WINDOWS\System32\RPCRT4.dll
0x00007ffd44660000 - 0x00007ffd447f0000 	C:\WINDOWS\System32\USER32.dll
0x00007ffd41d00000 - 0x00007ffd41d20000 	C:\WINDOWS\System32\win32u.dll
0x00007ffd453d0000 - 0x00007ffd453f8000 	C:\WINDOWS\System32\GDI32.dll
0x00007ffd42530000 - 0x00007ffd426c1000 	C:\WINDOWS\System32\gdi32full.dll
0x00007ffd41930000 - 0x00007ffd419cf000 	C:\WINDOWS\System32\msvcp_win.dll
0x00007ffd41d20000 - 0x00007ffd41e18000 	C:\WINDOWS\System32\ucrtbase.dll
0x00007ffd36890000 - 0x00007ffd36af9000 	C:\WINDOWS\WinSxS\amd64_microsoft.windows.common-controls_6595b64144ccf1df_6.0.17134.950_none_fb3da4273069d3e0\COMCTL32.dll
0x00007ffd44c90000 - 0x00007ffd44fb2000 	C:\WINDOWS\System32\combase.dll
0x00007ffd418b0000 - 0x00007ffd41929000 	C:\WINDOWS\System32\bcryptPrimitives.dll
0x00007ffd44ab0000 - 0x00007ffd44add000 	C:\WINDOWS\System32\IMM32.DLL
0x000000006d580000 - 0x000000006d652000 	C:\Program Files\Java\jdk1.8.0_181\jre\bin\msvcr100.dll
0x000000006ba00000 - 0x000000006c2a2000 	C:\Program Files\Java\jdk1.8.0_181\jre\bin\server\jvm.dll
0x00007ffd42b80000 - 0x00007ffd42b88000 	C:\WINDOWS\System32\PSAPI.DLL
0x00007ffd34440000 - 0x00007ffd34449000 	C:\WINDOWS\SYSTEM32\WSOCK32.dll
0x00007ffd37930000 - 0x00007ffd3793a000 	C:\WINDOWS\SYSTEM32\VERSION.dll
0x00007ffd44fc0000 - 0x00007ffd4502c000 	C:\WINDOWS\System32\WS2_32.dll
0x00007ffd39800000 - 0x00007ffd39823000 	C:\WINDOWS\SYSTEM32\WINMM.dll
0x00007ffd39570000 - 0x00007ffd3959a000 	C:\WINDOWS\SYSTEM32\WINMMBASE.dll
0x00007ffd419d0000 - 0x00007ffd41a19000 	C:\WINDOWS\System32\cfgmgr32.dll
0x000000006de90000 - 0x000000006de9f000 	C:\Program Files\Java\jdk1.8.0_181\jre\bin\verify.dll
0x000000006de60000 - 0x000000006de89000 	C:\Program Files\Java\jdk1.8.0_181\jre\bin\java.dll
0x000000006de40000 - 0x000000006de56000 	C:\Program Files\Java\jdk1.8.0_181\jre\bin\zip.dll
0x00007ffd42b90000 - 0x00007ffd43fd0000 	C:\WINDOWS\System32\SHELL32.dll
0x00007ffd45320000 - 0x00007ffd453c9000 	C:\WINDOWS\System32\shcore.dll
0x00007ffd41e20000 - 0x00007ffd4252d000 	C:\WINDOWS\System32\windows.storage.dll
0x00007ffd44030000 - 0x00007ffd44081000 	C:\WINDOWS\System32\shlwapi.dll
0x00007ffd417e0000 - 0x00007ffd417f1000 	C:\WINDOWS\System32\kernel.appcore.dll
0x00007ffd41750000 - 0x00007ffd4176f000 	C:\WINDOWS\System32\profapi.dll
0x00007ffd41770000 - 0x00007ffd417bc000 	C:\WINDOWS\System32\powrprof.dll
0x00007ffd41740000 - 0x00007ffd4174a000 	C:\WINDOWS\System32\FLTLIB.DLL
0x000000006de20000 - 0x000000006de3a000 	C:\Program Files\Java\jdk1.8.0_181\jre\bin\net.dll
0x00007ffd40fc0000 - 0x00007ffd41026000 	C:\WINDOWS\system32\mswsock.dll
0x000000006d830000 - 0x000000006d841000 	C:\Program Files\Java\jdk1.8.0_181\jre\bin\nio.dll
0x00007ffd28900000 - 0x00007ffd28926000 	C:\Users\7560-1525\.gradle\native\29\windows-amd64\native-platform.dll
0x000000006de10000 - 0x000000006de1d000 	C:\Program Files\Java\jdk1.8.0_181\jre\bin\management.dll
0x00007ffd41180000 - 0x00007ffd41197000 	C:\WINDOWS\SYSTEM32\CRYPTSP.dll
0x00007ffd40b70000 - 0x00007ffd40ba3000 	C:\WINDOWS\system32\rsaenh.dll
0x00007ffd412a0000 - 0x00007ffd412c5000 	C:\WINDOWS\SYSTEM32\bcrypt.dll
0x00007ffd41640000 - 0x00007ffd41668000 	C:\WINDOWS\SYSTEM32\USERENV.dll
0x00007ffd41170000 - 0x00007ffd4117b000 	C:\WINDOWS\SYSTEM32\CRYPTBASE.dll
0x00007ffd40d10000 - 0x00007ffd40d48000 	C:\WINDOWS\SYSTEM32\IPHLPAPI.DLL
0x00007ffd42a20000 - 0x00007ffd42a28000 	C:\WINDOWS\System32\NSI.dll
0x00007ffd38a80000 - 0x00007ffd38a96000 	C:\WINDOWS\SYSTEM32\dhcpcsvc6.DLL
0x00007ffd39370000 - 0x00007ffd3938a000 	C:\WINDOWS\SYSTEM32\dhcpcsvc.DLL
0x000000006d780000 - 0x000000006d7a4000 	C:\Program Files\Java\jdk1.8.0_181\jre\bin\sunec.dll
0x00007ffd40d60000 - 0x00007ffd40e1e000 	C:\WINDOWS\SYSTEM32\DNSAPI.dll
0x00007ffd37b10000 - 0x00007ffd37b1a000 	C:\Windows\System32\rasadhlp.dll
0x00007ffd37a60000 - 0x00007ffd37ad2000 	C:\WINDOWS\System32\fwpuclnt.dll
0x000000006dd20000 - 0x000000006dd2b000 	C:\Program Files\Java\jdk1.8.0_181\jre\bin\sunmscapi.dll
0x00007ffd426d0000 - 0x00007ffd428b2000 	C:\WINDOWS\System32\CRYPT32.dll
0x00007ffd417c0000 - 0x00007ffd417d2000 	C:\WINDOWS\System32\MSASN1.dll

VM Arguments:
jvm_args: -Xmx1536m -Dfile.encoding=GBK -Duser.country=CN -Duser.language=zh -Duser.variant 
java_command: org.gradle.launcher.daemon.bootstrap.GradleDaemon 5.4.1
java_class_path (initial): C:\Users\7560-1525\.gradle\wrapper\dists\gradle-5.4.1-all\3221gyojl5jsh0helicew7rwx\gradle-5.4.1\lib\gradle-launcher-5.4.1.jar
Launcher Type: SUN_STANDARD

Environment Variables:
JAVA_HOME=C:\Program Files\Java\jdk1.8.0_181
CLASSPATH=C:\Program Files\Java\jdk1.8.0_181\lib\dt.jar;C:\Program Files\Java\jdk1.8.0_181\lib\tools.jar
PATH=C:\Program Files (x86)\Common Files\Oracle\Java\javapath;C:\Program Files (x86)\Intel\iCLS Client\;C:\Program Files\Intel\iCLS Client\;C:\Windows\system32;C:\Windows;C:\Windows\System32\Wbem;C:\Windows\System32\WindowsPowerShell\v1.0\;C:\Program Files (x86)\NVIDIA Corporation\PhysX\Common;C:\Program Files (x86)\Intel\Intel(R) Management Engine Components\DAL;C:\Program Files\Intel\Intel(R) Management Engine Components\DAL;C:\Program Files (x86)\Intel\Intel(R) Management Engine Components\IPT;C:\Program Files\Intel\Intel(R) Management Engine Components\IPT;C:\Program Files\TortoiseGit\bin;C:\Program Files\Microsoft\Web Platform Installer\;C:\Program Files (x86)\Microsoft ASP.NET\ASP.NET Web Pages\v1.0\;C:\Program Files (x86)\Windows Kits\8.0\Windows Performance Toolkit\;C:\Program Files\Microsoft SQL Server\110\Tools\Binn\;C:\WINDOWS\system32;C:\WINDOWS;C:\WINDOWS\System32\Wbem;C:\WINDOWS\System32\WindowsPowerShell\v1.0\;C:\Program Files\Java\jdk1.8.0_181\bin;C:\WINDOWS\System32\OpenSSH\;C:\Program Files (x86)\Microsoft SQL Server\100\Tools\Binn\;C:\Program Files\Microsoft SQL Server\100\Tools\Binn\;C:\Program Files\Microsoft SQL Server\100\DTS\Binn\;C:\Program Files (x86)\Microsoft SQL Server\100\Tools\Binn\VSShell\Common7\IDE\;C:\Program Files (x86)\Microsoft SQL Server\100\DTS\Binn\;C:\Program Files (x86)\Microsoft Visual Studio 9.0\Common7\IDE\PrivateAssemblies\;C:\Program Files\Git\cmd;C:\Program Files\Intel\WiFi\bin\;C:\Program Files\Common Files\Intel\WirelessCommon\;C:\Program Files\Java\7560-1525;C:\Users\7560-1525\AppData\Local\Microsoft\WindowsApps;C:\Program Files\Java\jdk1.8.0_181\bin;
USERNAME=7560-1525
OS=Windows_NT
PROCESSOR_IDENTIFIER=Intel64 Family 6 Model 142 Stepping 9, GenuineIntel



---------------  S Y S T E M  ---------------

OS: Windows 10.0 , 64 bit Build 17134 (10.0.17134.753)

CPU:total 4 (initial active 4) (2 cores per cpu, 2 threads per core) family 6 model 142 stepping 9, cmov, cx8, fxsr, mmx, sse, sse2, sse3, ssse3, sse4.1, sse4.2, popcnt, avx, avx2, aes, clmul, erms, 3dnowpref, lzcnt, ht, tsc, tscinvbit, bmi1, bmi2, adx

Memory: 4k page, physical 8284644k(262516k free), swap 16673252k(5124k free)

vm_info: Java HotSpot(TM) 64-Bit Server VM (25.181-b13) for windows-amd64 JRE (1.8.0_181-b13), built on Jul  7 2018 04:01:33 by "java_re" with MS VC++ 10.0 (VS2010)

time: Mon Nov 25 16:27:56 2019
elapsed time: 8376 seconds (0d 2h 19m 36s)

