#
# There is insufficient memory for the Java Runtime Environment to continue.
# Native memory allocation (malloc) failed to allocate 1045456 bytes for Chunk::new
# Possible reasons:
#   The system is out of physical RAM or swap space
#   In 32 bit mode, the process size limit was hit
# Possible solutions:
#   Reduce memory load on the system
#   Increase physical memory or swap space
#   Check if swap backing store is full
#   Use 64 bit Java on a 64 bit OS
#   Decrease Java heap size (-Xmx/-Xms)
#   Decrease number of Java threads
#   Decrease Java thread stack sizes (-Xss)
#   Set larger code cache with -XX:ReservedCodeCacheSize=
# This output file may be truncated or incomplete.
#
#  Out of Memory Error (allocation.cpp:390), pid=123060, tid=0x0000000000021854
#
# JRE version: Java(TM) SE Runtime Environment (8.0_171-b11) (build 1.8.0_171-b11)
# Java VM: Java HotSpot(TM) 64-Bit Server VM (25.171-b11 mixed mode windows-amd64 compressed oops)
# Failed to write core dump. Minidumps are not enabled by default on client versions of Windows
#

---------------  T H R E A D  ---------------

Current thread (0x00000000168cf000):  JavaThread "C2 CompilerThread0" daemon [_thread_in_native, id=137300, stack(0x0000000018220000,0x0000000018320000)]

Stack: [0x0000000018220000,0x0000000018320000]
[error occurred during error reporting (printing stack bounds), id 0xc0000005]

Native frames: (J=compiled Java code, j=interpreted, Vv=VM code, C=native code)


Current CompileTask:
C2:3810215 15242       4       org.gradle.api.internal.artifacts.ivyservice.resolveengine.graph.builder.EdgeState::attachToTargetConfigurations (129 bytes)


---------------  P R O C E S S  ---------------

Java Threads: ( => current thread )
  0x000000001db81000 JavaThread "Cache worker for file content cache (D:\mianxiangduixiang\project\ProjectTraining\ProjectTraining\Project\CatchTime\.gradle\5.4.1\fileContent)" [_thread_blocked, id=134468, stack(0x0000000024950000,0x0000000024a50000)]
  0x000000001db84000 JavaThread "Cache worker for Build Output Cleanup Cache (D:\mianxiangduixiang\project\ProjectTraining\ProjectTraining\Project\CatchTime\.gradle\buildOutputCleanup)" [_thread_blocked, id=139428, stack(0x0000000024400000,0x0000000024500000)]
  0x000000001db83000 JavaThread "pool-9-thread-1" [_thread_blocked, id=139504, stack(0x0000000023f00000,0x0000000024000000)]
  0x000000001db79000 JavaThread "Build operations Thread 4" [_thread_blocked, id=113568, stack(0x0000000023970000,0x0000000023a70000)]
  0x000000001db80000 JavaThread "Build operations Thread 3" [_thread_blocked, id=125792, stack(0x0000000023000000,0x0000000023100000)]
  0x000000001db7f800 JavaThread "Build operations Thread 2" [_thread_blocked, id=137704, stack(0x0000000022600000,0x0000000022700000)]
  0x000000001db7e800 JavaThread "Build operations" [_thread_blocked, id=140824, stack(0x0000000022300000,0x0000000022400000)]
  0x000000001db7e000 JavaThread "Cache worker for cache directory md-rule (C:\Users\35053\.gradle\caches\5.4.1\md-rule)" [_thread_blocked, id=139056, stack(0x0000000021e00000,0x0000000021f00000)]
  0x000000001db7d000 JavaThread "Cache worker for cache directory md-supplier (C:\Users\35053\.gradle\caches\5.4.1\md-supplier)" [_thread_blocked, id=132568, stack(0x0000000020b00000,0x0000000020c00000)]
  0x000000001db7b800 JavaThread "Cache worker for file hash cache (D:\mianxiangduixiang\project\ProjectTraining\ProjectTraining\Project\CatchTime\.gradle\5.4.1\fileHashes)" [_thread_blocked, id=135232, stack(0x000000001ff00000,0x0000000020000000)]
  0x000000001db7c000 JavaThread "Thread-92" [_thread_blocked, id=133992, stack(0x000000001ee10000,0x000000001ef10000)]
  0x000000001db78800 JavaThread "Stdin handler" [_thread_blocked, id=140844, stack(0x000000001d540000,0x000000001d640000)]
  0x000000001db7a800 JavaThread "Asynchronous log dispatcher for DefaultDaemonConnection: socket connection from /127.0.0.1:39727 to /127.0.0.1:48416" [_thread_blocked, id=119568, stack(0x000000001aca0000,0x000000001ada0000)]
  0x000000001db75800 JavaThread "Daemon worker Thread 5" [_thread_in_Java, id=118884, stack(0x000000001a9a0000,0x000000001aaa0000)]
  0x000000001db7a000 JavaThread "Cancel handler" [_thread_blocked, id=133320, stack(0x000000001a8a0000,0x000000001a9a0000)]
  0x000000001db76000 JavaThread "Handler for socket connection from /127.0.0.1:39727 to /127.0.0.1:48416" [_thread_in_native, id=140668, stack(0x000000001a5a0000,0x000000001a6a0000)]
  0x000000001db77800 JavaThread "Daemon Thread 5" [_thread_blocked, id=140296, stack(0x000000001a4a0000,0x000000001a5a0000)]
  0x000000001c172000 JavaThread "Cache worker for file content cache (C:\Users\35053\.gradle\caches\5.4.1\fileContent)" [_thread_blocked, id=135588, stack(0x0000000024850000,0x0000000024950000)]
  0x000000001d7c1800 JavaThread "Memory manager" [_thread_blocked, id=139024, stack(0x0000000022f00000,0x0000000023000000)]
  0x0000000019968800 JavaThread "Cache worker for execution history cache (C:\Users\35053\.gradle\caches\5.4.1\executionHistory)" [_thread_blocked, id=134872, stack(0x0000000020000000,0x0000000020100000)]
  0x000000001996f800 JavaThread "Cache worker for journal cache (C:\Users\35053\.gradle\caches\journal-1)" [_thread_blocked, id=138284, stack(0x000000001b1a0000,0x000000001b2a0000)]
  0x0000000019969800 JavaThread "File lock request listener" [_thread_in_native, id=138520, stack(0x000000001b0a0000,0x000000001b1a0000)]
  0x000000001996e800 JavaThread "Cache worker for file hash cache (C:\Users\35053\.gradle\caches\5.4.1\fileHashes)" [_thread_blocked, id=138180, stack(0x000000001ada0000,0x000000001aea0000)]
  0x00000000196be800 JavaThread "Daemon periodic checks" [_thread_blocked, id=128524, stack(0x000000001a3a0000,0x000000001a4a0000)]
  0x000000001966f000 JavaThread "Incoming local TCP Connector on port 39727" [_thread_in_native, id=133512, stack(0x000000001a1f0000,0x000000001a2f0000)]
  0x00000000197a5800 JavaThread "Daemon health stats" [_thread_blocked, id=117516, stack(0x0000000019ef0000,0x0000000019ff0000)]
  0x0000000017ca8800 JavaThread "Service Thread" daemon [_thread_blocked, id=138904, stack(0x0000000018520000,0x0000000018620000)]
  0x00000000168e8000 JavaThread "C1 CompilerThread2" daemon [_thread_blocked, id=128148, stack(0x0000000018420000,0x0000000018520000)]
  0x00000000168e5000 JavaThread "C2 CompilerThread1" daemon [_thread_blocked, id=123636, stack(0x0000000018320000,0x0000000018420000)]
=>0x00000000168cf000 JavaThread "C2 CompilerThread0" daemon [_thread_in_native, id=137300, stack(0x0000000018220000,0x0000000018320000)]
  0x00000000168bb800 JavaThread "Attach Listener" daemon [_thread_blocked, id=138280, stack(0x0000000018120000,0x0000000018220000)]
  0x0000000017c63800 JavaThread "Signal Dispatcher" daemon [_thread_blocked, id=138968, stack(0x0000000018020000,0x0000000018120000)]
  0x0000000002f4c000 JavaThread "Finalizer" daemon [_thread_blocked, id=138948, stack(0x0000000017b20000,0x0000000017c20000)]
  0x0000000016889000 JavaThread "Reference Handler" daemon [_thread_blocked, id=139072, stack(0x0000000017a20000,0x0000000017b20000)]
  0x0000000002e52800 JavaThread "main" [_thread_blocked, id=134228, stack(0x0000000002990000,0x0000000002a90000)]

Other Threads:
  0x0000000016888000 VMThread [stack: 0x0000000017920000,0x0000000017a20000] [id=134720]
  0x000000001691e800 WatcherThread [stack: 0x0000000018620000,0x0000000018720000] [id=139192]

VM state:not at safepoint (normal execution)

VM Mutex/Monitor currently owned by a thread: None

Heap:
 PSYoungGen      total 239104K, used 162911K [0x00000000e0000000, 0x00000000f0780000, 0x0000000100000000)
  eden space 213504K, 65% used [0x00000000e0000000,0x00000000e88566c8,0x00000000ed080000)
  from space 25600K, 91% used [0x00000000eec00000,0x00000000f02c1558,0x00000000f0500000)
  to   space 28160K, 0% used [0x00000000ed080000,0x00000000ed080000,0x00000000eec00000)
 ParOldGen       total 138752K, used 56950K [0x00000000a0000000, 0x00000000a8780000, 0x00000000e0000000)
  object space 138752K, 41% used [0x00000000a0000000,0x00000000a379d8b0,0x00000000a8780000)
 Metaspace       used 82691K, capacity 86592K, committed 86872K, reserved 1124352K
  class space    used 10800K, capacity 11554K, committed 11648K, reserved 1048576K

Card table byte_map: [0x0000000012310000,0x0000000012620000] byte_map_base: 0x0000000011e10000

Marking Bits: (ParMarkBitMap*) 0x00000000526208c0
 Begin Bits: [0x0000000012c20000, 0x0000000014420000)
 End Bits:   [0x0000000014420000, 0x0000000015c20000)

Polling page: 0x0000000001130000

CodeCache: size=245760Kb used=43818Kb max_used=44418Kb free=201941Kb
 bounds [0x0000000002f50000, 0x0000000005b20000, 0x0000000011f50000]
 total_blobs=13326 nmethods=12455 adapters=780
 compilation: enabled

Compilation events (10 events):
Event: 3809.817 Thread 0x00000000168e8000 nmethod 15250 0x00000000059fde10 code [0x00000000059fe020, 0x00000000059fea28]
Event: 3809.818 Thread 0x00000000168e8000 15252       3       org.gradle.api.internal.tasks.CachingTaskDependencyResolveContext::<init> (41 bytes)
Event: 3809.818 Thread 0x00000000168e8000 nmethod 15252 0x00000000058b57d0 code [0x00000000058b5980, 0x00000000058b5fc8]
Event: 3809.933 Thread 0x00000000168e5000 nmethod 15248 0x00000000055c8750 code [0x00000000055c8a80, 0x00000000055cac78]
Event: 3809.933 Thread 0x00000000168e5000 15251       4       org.gradle.api.internal.tasks.CachingTaskDependencyResolveContext$TaskGraphImpl::getNodeValues (289 bytes)
Event: 3810.022 Thread 0x00000000168e5000 nmethod 15251 0x0000000005871ad0 code [0x0000000005871de0, 0x0000000005873f78]
Event: 3810.079 Thread 0x00000000168e8000 15253       3       org.gradle.api.internal.project.DefaultProject_Decorated::getProviders (32 bytes)
Event: 3810.079 Thread 0x00000000168e8000 nmethod 15253 0x00000000058b50d0 code [0x00000000058b5240, 0x00000000058b56a8]
Event: 3810.146 Thread 0x00000000168e5000 15254       4       org.gradle.api.internal.artifacts.ivyservice.resolveengine.artifact.CompositeResolvedArtifactSet::of (101 bytes)
Event: 3810.162 Thread 0x00000000168e5000 nmethod 15254 0x0000000003de1650 code [0x0000000003de1800, 0x0000000003de20d8]

GC Heap History (10 events):
Event: 3408.964 GC heap before
{Heap before GC invocations=19 (full 3):
 PSYoungGen      total 206848K, used 206822K [0x00000000e0000000, 0x00000000f0300000, 0x0000000100000000)
  eden space 184832K, 100% used [0x00000000e0000000,0x00000000eb480000,0x00000000eb480000)
  from space 22016K, 99% used [0x00000000eb480000,0x00000000ec9f98b0,0x00000000eca00000)
  to   space 27648K, 0% used [0x00000000ee800000,0x00000000ee800000,0x00000000f0300000)
 ParOldGen       total 138752K, used 42984K [0x00000000a0000000, 0x00000000a8780000, 0x00000000e0000000)
  object space 138752K, 30% used [0x00000000a0000000,0x00000000a29fa100,0x00000000a8780000)
 Metaspace       used 79414K, capacity 82866K, committed 83160K, reserved 1122304K
  class space    used 10468K, capacity 11203K, committed 11264K, reserved 1048576K
Event: 3409.432 GC heap after
Heap after GC invocations=19 (full 3):
 PSYoungGen      total 190976K, used 11292K [0x00000000e0000000, 0x00000000ef380000, 0x0000000100000000)
  eden space 179200K, 0% used [0x00000000e0000000,0x00000000e0000000,0x00000000eaf00000)
  from space 11776K, 95% used [0x00000000ee800000,0x00000000ef307070,0x00000000ef380000)
  to   space 26624K, 0% used [0x00000000ebf80000,0x00000000ebf80000,0x00000000ed980000)
 ParOldGen       total 138752K, used 56914K [0x00000000a0000000, 0x00000000a8780000, 0x00000000e0000000)
  object space 138752K, 41% used [0x00000000a0000000,0x00000000a3794b90,0x00000000a8780000)
 Metaspace       used 79414K, capacity 82866K, committed 83160K, reserved 1122304K
  class space    used 10468K, capacity 11203K, committed 11264K, reserved 1048576K
}
Event: 3679.429 GC heap before
{Heap before GC invocations=20 (full 3):
 PSYoungGen      total 190976K, used 190492K [0x00000000e0000000, 0x00000000ef380000, 0x0000000100000000)
  eden space 179200K, 100% used [0x00000000e0000000,0x00000000eaf00000,0x00000000eaf00000)
  from space 11776K, 95% used [0x00000000ee800000,0x00000000ef307070,0x00000000ef380000)
  to   space 26624K, 0% used [0x00000000ebf80000,0x00000000ebf80000,0x00000000ed980000)
 ParOldGen       total 138752K, used 56914K [0x00000000a0000000, 0x00000000a8780000, 0x00000000e0000000)
  object space 138752K, 41% used [0x00000000a0000000,0x00000000a3794b90,0x00000000a8780000)
 Metaspace       used 80059K, capacity 83870K, committed 84056K, reserved 1122304K
  class space    used 10517K, capacity 11285K, committed 11392K, reserved 1048576K
Event: 3679.455 GC heap after
Heap after GC invocations=20 (full 3):
 PSYoungGen      total 184832K, used 10847K [0x00000000e0000000, 0x00000000ee880000, 0x0000000100000000)
  eden space 173568K, 0% used [0x00000000e0000000,0x00000000e0000000,0x00000000ea980000)
  from space 11264K, 96% used [0x00000000ebf80000,0x00000000eca17f40,0x00000000eca80000)
  to   space 25600K, 0% used [0x00000000ecf80000,0x00000000ecf80000,0x00000000ee880000)
 ParOldGen       total 138752K, used 56922K [0x00000000a0000000, 0x00000000a8780000, 0x00000000e0000000)
  object space 138752K, 41% used [0x00000000a0000000,0x00000000a3796b90,0x00000000a8780000)
 Metaspace       used 80059K, capacity 83870K, committed 84056K, reserved 1122304K
  class space    used 10517K, capacity 11285K, committed 11392K, reserved 1048576K
}
Event: 3690.632 GC heap before
{Heap before GC invocations=21 (full 3):
 PSYoungGen      total 184832K, used 184411K [0x00000000e0000000, 0x00000000ee880000, 0x0000000100000000)
  eden space 173568K, 99% used [0x00000000e0000000,0x00000000ea97eec8,0x00000000ea980000)
  from space 11264K, 96% used [0x00000000ebf80000,0x00000000eca17f40,0x00000000eca80000)
  to   space 25600K, 0% used [0x00000000ecf80000,0x00000000ecf80000,0x00000000ee880000)
 ParOldGen       total 138752K, used 56930K [0x00000000a0000000, 0x00000000a8780000, 0x00000000e0000000)
  object space 138752K, 41% used [0x00000000a0000000,0x00000000a3798ba0,0x00000000a8780000)
 Metaspace       used 80796K, capacity 84488K, committed 84568K, reserved 1122304K
  class space    used 10584K, capacity 11368K, committed 11392K, reserved 1048576K
Event: 3691.061 GC heap after
Heap after GC invocations=21 (full 3):
 PSYoungGen      total 212480K, used 16035K [0x00000000e0000000, 0x00000000eef00000, 0x0000000100000000)
  eden space 186880K, 0% used [0x00000000e0000000,0x00000000e0000000,0x00000000eb680000)
  from space 25600K, 62% used [0x00000000ecf80000,0x00000000edf28f70,0x00000000ee880000)
  to   space 25600K, 0% used [0x00000000eb680000,0x00000000eb680000,0x00000000ecf80000)
 ParOldGen       total 138752K, used 56938K [0x00000000a0000000, 0x00000000a8780000, 0x00000000e0000000)
  object space 138752K, 41% used [0x00000000a0000000,0x00000000a379aba0,0x00000000a8780000)
 Metaspace       used 80796K, capacity 84488K, committed 84568K, reserved 1122304K
  class space    used 10584K, capacity 11368K, committed 11392K, reserved 1048576K
}
Event: 3692.611 GC heap before
{Heap before GC invocations=22 (full 3):
 PSYoungGen      total 212480K, used 202915K [0x00000000e0000000, 0x00000000eef00000, 0x0000000100000000)
  eden space 186880K, 100% used [0x00000000e0000000,0x00000000eb680000,0x00000000eb680000)
  from space 25600K, 62% used [0x00000000ecf80000,0x00000000edf28f70,0x00000000ee880000)
  to   space 25600K, 0% used [0x00000000eb680000,0x00000000eb680000,0x00000000ecf80000)
 ParOldGen       total 138752K, used 56942K [0x00000000a0000000, 0x00000000a8780000, 0x00000000e0000000)
  object space 138752K, 41% used [0x00000000a0000000,0x00000000a379b8b0,0x00000000a8780000)
 Metaspace       used 80807K, capacity 84552K, committed 84824K, reserved 1122304K
  class space    used 10584K, capacity 11368K, committed 11392K, reserved 1048576K
Event: 3692.684 GC heap after
Heap after GC invocations=22 (full 3):
 PSYoungGen      total 212480K, used 17128K [0x00000000e0000000, 0x00000000f0500000, 0x0000000100000000)
  eden space 186880K, 0% used [0x00000000e0000000,0x00000000e0000000,0x00000000eb680000)
  from space 25600K, 66% used [0x00000000eb680000,0x00000000ec73a180,0x00000000ecf80000)
  to   space 25600K, 0% used [0x00000000eec00000,0x00000000eec00000,0x00000000f0500000)
 ParOldGen       total 138752K, used 56950K [0x00000000a0000000, 0x00000000a8780000, 0x00000000e0000000)
  object space 138752K, 41% used [0x00000000a0000000,0x00000000a379d8b0,0x00000000a8780000)
 Metaspace       used 80807K, capacity 84552K, committed 84824K, reserved 1122304K
  class space    used 10584K, capacity 11368K, committed 11392K, reserved 1048576K
}
Event: 3696.585 GC heap before
{Heap before GC invocations=23 (full 3):
 PSYoungGen      total 212480K, used 204008K [0x00000000e0000000, 0x00000000f0500000, 0x0000000100000000)
  eden space 186880K, 99% used [0x00000000e0000000,0x00000000eb67fed0,0x00000000eb680000)
  from space 25600K, 66% used [0x00000000eb680000,0x00000000ec73a180,0x00000000ecf80000)
  to   space 25600K, 0% used [0x00000000eec00000,0x00000000eec00000,0x00000000f0500000)
 ParOldGen       total 138752K, used 56950K [0x00000000a0000000, 0x00000000a8780000, 0x00000000e0000000)
  object space 138752K, 41% used [0x00000000a0000000,0x00000000a379d8b0,0x00000000a8780000)
 Metaspace       used 81932K, capacity 85724K, committed 85976K, reserved 1124352K
  class space    used 10721K, capacity 11480K, committed 11520K, reserved 1048576K
Event: 3696.626 GC heap after
Heap after GC invocations=23 (full 3):
 PSYoungGen      total 239104K, used 23301K [0x00000000e0000000, 0x00000000f0780000, 0x0000000100000000)
  eden space 213504K, 0% used [0x00000000e0000000,0x00000000e0000000,0x00000000ed080000)
  from space 25600K, 91% used [0x00000000eec00000,0x00000000f02c1558,0x00000000f0500000)
  to   space 28160K, 0% used [0x00000000ed080000,0x00000000ed080000,0x00000000eec00000)
 ParOldGen       total 138752K, used 56950K [0x00000000a0000000, 0x00000000a8780000, 0x00000000e0000000)
  object space 138752K, 41% used [0x00000000a0000000,0x00000000a379d8b0,0x00000000a8780000)
 Metaspace       used 81932K, capacity 85724K, committed 85976K, reserved 1124352K
  class space    used 10721K, capacity 11480K, committed 11520K, reserved 1048576K
}

Deoptimization events (10 events):
Event: 3699.835 Thread 0x000000001996d000 Uncommon trap: reason=bimorphic action=maybe_recompile pc=0x0000000003ee5560 method=java.util.concurrent.CopyOnWriteArrayList.indexOf(Ljava/lang/Object;[Ljava/lang/Object;II)I @ 46
Event: 3699.835 Thread 0x000000001996d000 Uncommon trap: reason=bimorphic action=maybe_recompile pc=0x0000000003ee5560 method=java.util.concurrent.CopyOnWriteArrayList.indexOf(Ljava/lang/Object;[Ljava/lang/Object;II)I @ 46
Event: 3699.836 Thread 0x000000001996d000 Uncommon trap: reason=bimorphic action=maybe_recompile pc=0x0000000003ee5560 method=java.util.concurrent.CopyOnWriteArrayList.indexOf(Ljava/lang/Object;[Ljava/lang/Object;II)I @ 46
Event: 3699.836 Thread 0x000000001996d000 Uncommon trap: reason=bimorphic action=maybe_recompile pc=0x0000000003ee5560 method=java.util.concurrent.CopyOnWriteArrayList.indexOf(Ljava/lang/Object;[Ljava/lang/Object;II)I @ 46
Event: 3699.843 Thread 0x000000001996d000 Uncommon trap: reason=class_check action=maybe_recompile pc=0x0000000003f64f40 method=java.io.ObjectOutputStream$BlockDataOutputStream.drain()V @ 36
Event: 3699.851 Thread 0x000000001996d000 Uncommon trap: reason=array_check action=maybe_recompile pc=0x0000000005ad1818 method=java.util.ComparableTimSort.binarySort([Ljava/lang/Object;III)V @ 193
Event: 3700.247 Thread 0x000000001c170000 Uncommon trap: reason=unstable_if action=reinterpret pc=0x000000000406fc00 method=java.nio.Buffer.limit(I)Ljava/nio/Buffer; @ 33
Event: 3801.112 Thread 0x000000001db75800 Uncommon trap: reason=speculate_class_check action=maybe_recompile pc=0x000000000341fb94 method=com.google.common.collect.ImmutableList.listIterator()Lcom/google/common/collect/UnmodifiableListIterator; @ 2
Event: 3801.112 Thread 0x000000001db75800 Uncommon trap: reason=bimorphic action=maybe_recompile pc=0x0000000004f8156c method=com.google.common.collect.AbstractIndexedListIterator.next()Ljava/lang/Object; @ 27
Event: 3801.112 Thread 0x000000001db75800 Uncommon trap: reason=bimorphic action=maybe_recompile pc=0x0000000004f8156c method=com.google.common.collect.AbstractIndexedListIterator.next()Ljava/lang/Object; @ 27

Classes redefined (0 events):
No events

Internal exceptions (10 events):
Event: 3808.742 Thread 0x000000001db75800 Exception <a 'java/net/SocketException': Connection reset by peer: socket write error> (0x00000000e8175950) thrown at [C:\re\workspace\8-2-build-windows-amd64-cygwin\jdk8u171\10807\hotspot\src\share\vm\prims\jni.cpp, line 735]
Event: 3809.039 Thread 0x000000001db75800 Exception <a 'sun/net/ConnectionResetException': > (0x00000000e81d0068) thrown at [C:\re\workspace\8-2-build-windows-amd64-cygwin\jdk8u171\10807\hotspot\src\share\vm\prims\jni.cpp, line 735]
Event: 3809.039 Thread 0x000000001db75800 Exception <a 'sun/net/ConnectionResetException': > (0x00000000e81d0e08) thrown at [C:\re\workspace\8-2-build-windows-amd64-cygwin\jdk8u171\10807\hotspot\src\share\vm\prims\jni.cpp, line 735]
Event: 3809.039 Thread 0x000000001db75800 Exception <a 'java/net/SocketException': Connection reset by peer: socket write error> (0x00000000e81d2c50) thrown at [C:\re\workspace\8-2-build-windows-amd64-cygwin\jdk8u171\10807\hotspot\src\share\vm\prims\jni.cpp, line 735]
Event: 3809.365 Thread 0x000000001db75800 Exception <a 'sun/net/ConnectionResetException': > (0x00000000e822d3a0) thrown at [C:\re\workspace\8-2-build-windows-amd64-cygwin\jdk8u171\10807\hotspot\src\share\vm\prims\jni.cpp, line 735]
Event: 3809.365 Thread 0x000000001db75800 Exception <a 'sun/net/ConnectionResetException': > (0x00000000e822e140) thrown at [C:\re\workspace\8-2-build-windows-amd64-cygwin\jdk8u171\10807\hotspot\src\share\vm\prims\jni.cpp, line 735]
Event: 3809.365 Thread 0x000000001db75800 Exception <a 'java/net/SocketException': Connection reset by peer: socket write error> (0x00000000e822ff10) thrown at [C:\re\workspace\8-2-build-windows-amd64-cygwin\jdk8u171\10807\hotspot\src\share\vm\prims\jni.cpp, line 735]
Event: 3809.702 Thread 0x000000001db75800 Exception <a 'sun/net/ConnectionResetException': > (0x00000000e828a670) thrown at [C:\re\workspace\8-2-build-windows-amd64-cygwin\jdk8u171\10807\hotspot\src\share\vm\prims\jni.cpp, line 735]
Event: 3809.702 Thread 0x000000001db75800 Exception <a 'sun/net/ConnectionResetException': > (0x00000000e828b410) thrown at [C:\re\workspace\8-2-build-windows-amd64-cygwin\jdk8u171\10807\hotspot\src\share\vm\prims\jni.cpp, line 735]
Event: 3809.702 Thread 0x000000001db75800 Exception <a 'java/net/SocketException': Connection reset by peer: socket write error> (0x00000000e828d1e0) thrown at [C:\re\workspace\8-2-build-windows-amd64-cygwin\jdk8u171\10807\hotspot\src\share\vm\prims\jni.cpp, line 735]

Events (10 events):
Event: 3801.112 Thread 0x000000001db75800 DEOPT PACKING pc=0x0000000004f8156c sp=0x000000001aa9a8f0
Event: 3801.112 Thread 0x000000001db75800 DEOPT UNPACKING pc=0x0000000002f9583b sp=0x000000001aa9a890 mode 2
Event: 3801.118 Thread 0x000000001db84000 Thread added: 0x000000001db84000
Event: 3801.293 Thread 0x000000001db81000 Thread added: 0x000000001db81000
Event: 3801.319 Thread 0x000000001db75800 DEOPT PACKING pc=0x0000000003f29110 sp=0x000000001aa9ad40
Event: 3801.319 Thread 0x000000001db75800 DEOPT UNPACKING pc=0x0000000002f97890 sp=0x000000001aa9aa80 mode 0
Event: 3801.320 Thread 0x000000001db75800 DEOPT PACKING pc=0x0000000003f29110 sp=0x000000001aa9ad40
Event: 3801.320 Thread 0x000000001db75800 DEOPT UNPACKING pc=0x0000000002f97890 sp=0x000000001aa9aa80 mode 0
Event: 3809.706 loading class org/gradle/api/internal/artifacts/repositories/metadata/DefaultMavenImmutableAttributesFactory$1
Event: 3809.706 loading class org/gradle/api/internal/artifacts/repositories/metadata/DefaultMavenImmutableAttributesFactory$1 done


Dynamic libraries:
0x00007ff6ef0c0000 - 0x00007ff6ef0f7000 	C:\Program Files\Java\jdk1.8.0_171\bin\java.exe
0x00007ffe9c880000 - 0x00007ffe9ca70000 	C:\WINDOWS\SYSTEM32\ntdll.dll
0x00007ffe9c2f0000 - 0x00007ffe9c3a2000 	C:\WINDOWS\System32\KERNEL32.DLL
0x00007ffe9a500000 - 0x00007ffe9a7a3000 	C:\WINDOWS\System32\KERNELBASE.dll
0x00007ffe9a9d0000 - 0x00007ffe9aa73000 	C:\WINDOWS\System32\ADVAPI32.dll
0x00007ffe9bba0000 - 0x00007ffe9bc3e000 	C:\WINDOWS\System32\msvcrt.dll
0x00007ffe9a930000 - 0x00007ffe9a9c7000 	C:\WINDOWS\System32\sechost.dll
0x00007ffe9bf80000 - 0x00007ffe9c0a0000 	C:\WINDOWS\System32\RPCRT4.dll
0x00007ffe9c0d0000 - 0x00007ffe9c264000 	C:\WINDOWS\System32\USER32.dll
0x00007ffe9a900000 - 0x00007ffe9a921000 	C:\WINDOWS\System32\win32u.dll
0x00007ffe9b1a0000 - 0x00007ffe9b1c6000 	C:\WINDOWS\System32\GDI32.dll
0x00007ffe9a360000 - 0x00007ffe9a4f4000 	C:\WINDOWS\System32\gdi32full.dll
0x00007ffe9a860000 - 0x00007ffe9a8fe000 	C:\WINDOWS\System32\msvcp_win.dll
0x00007ffe9a260000 - 0x00007ffe9a35a000 	C:\WINDOWS\System32\ucrtbase.dll
0x00007ffe8d900000 - 0x00007ffe8db85000 	C:\WINDOWS\WinSxS\amd64_microsoft.windows.common-controls_6595b64144ccf1df_6.0.18362.476_none_e6c4b11b130f2595\COMCTL32.dll
0x00007ffe9aae0000 - 0x00007ffe9ae16000 	C:\WINDOWS\System32\combase.dll
0x00007ffe998a0000 - 0x00007ffe99920000 	C:\WINDOWS\System32\bcryptPrimitives.dll
0x00007ffe9c0a0000 - 0x00007ffe9c0ce000 	C:\WINDOWS\System32\IMM32.DLL
0x0000000054010000 - 0x00000000540e2000 	C:\Program Files\Java\jdk1.8.0_171\jre\bin\msvcr100.dll
0x0000000051e00000 - 0x00000000526a0000 	C:\Program Files\Java\jdk1.8.0_171\jre\bin\server\jvm.dll
0x00007ffe9ae20000 - 0x00007ffe9ae28000 	C:\WINDOWS\System32\PSAPI.DLL
0x00007ffe8bb00000 - 0x00007ffe8bb09000 	C:\WINDOWS\SYSTEM32\WSOCK32.dll
0x00007ffe91720000 - 0x00007ffe9172a000 	C:\WINDOWS\SYSTEM32\VERSION.dll
0x00007ffe8f690000 - 0x00007ffe8f6b4000 	C:\WINDOWS\SYSTEM32\WINMM.dll
0x00007ffe9be00000 - 0x00007ffe9be6f000 	C:\WINDOWS\System32\WS2_32.dll
0x00007ffe8f450000 - 0x00007ffe8f47d000 	C:\WINDOWS\SYSTEM32\WINMMBASE.dll
0x00007ffe99920000 - 0x00007ffe9996a000 	C:\WINDOWS\System32\cfgmgr32.dll
0x0000000054000000 - 0x000000005400f000 	C:\Program Files\Java\jdk1.8.0_171\jre\bin\verify.dll
0x0000000053780000 - 0x00000000537a9000 	C:\Program Files\Java\jdk1.8.0_171\jre\bin\java.dll
0x0000000053760000 - 0x0000000053776000 	C:\Program Files\Java\jdk1.8.0_171\jre\bin\zip.dll
0x00007ffe9b1d0000 - 0x00007ffe9b8b5000 	C:\WINDOWS\System32\SHELL32.dll
0x00007ffe9ae40000 - 0x00007ffe9aee9000 	C:\WINDOWS\System32\shcore.dll
0x00007ffe99ac0000 - 0x00007ffe9a23e000 	C:\WINDOWS\System32\windows.storage.dll
0x00007ffe997f0000 - 0x00007ffe9980f000 	C:\WINDOWS\System32\profapi.dll
0x00007ffe99760000 - 0x00007ffe997aa000 	C:\WINDOWS\System32\powrprof.dll
0x00007ffe99750000 - 0x00007ffe99760000 	C:\WINDOWS\System32\UMPDC.dll
0x00007ffe9bf20000 - 0x00007ffe9bf72000 	C:\WINDOWS\System32\shlwapi.dll
0x00007ffe997d0000 - 0x00007ffe997e1000 	C:\WINDOWS\System32\kernel.appcore.dll
0x00007ffe9a240000 - 0x00007ffe9a257000 	C:\WINDOWS\System32\cryptsp.dll
0x0000000053740000 - 0x000000005375a000 	C:\Program Files\Java\jdk1.8.0_171\jre\bin\net.dll
0x00007ffe98f60000 - 0x00007ffe98fc7000 	C:\WINDOWS\system32\mswsock.dll
0x0000000053720000 - 0x0000000053731000 	C:\Program Files\Java\jdk1.8.0_171\jre\bin\nio.dll
0x00007ffe7ea30000 - 0x00007ffe7ea56000 	C:\Users\35053\.gradle\native\29\windows-amd64\native-platform.dll
0x0000000053710000 - 0x000000005371d000 	C:\Program Files\Java\jdk1.8.0_171\jre\bin\management.dll
0x00007ffe98ad0000 - 0x00007ffe98b03000 	C:\WINDOWS\system32\rsaenh.dll
0x00007ffe99870000 - 0x00007ffe99896000 	C:\WINDOWS\System32\bcrypt.dll
0x00007ffe99670000 - 0x00007ffe99695000 	C:\WINDOWS\SYSTEM32\USERENV.dll
0x00007ffe99130000 - 0x00007ffe9913c000 	C:\WINDOWS\SYSTEM32\CRYPTBASE.dll
0x00007ffe98c70000 - 0x00007ffe98caa000 	C:\WINDOWS\SYSTEM32\IPHLPAPI.DLL
0x00007ffe9ae30000 - 0x00007ffe9ae38000 	C:\WINDOWS\System32\NSI.dll
0x00007ffe91af0000 - 0x00007ffe91b06000 	C:\WINDOWS\SYSTEM32\dhcpcsvc6.DLL
0x00007ffe91fb0000 - 0x00007ffe91fcc000 	C:\WINDOWS\SYSTEM32\dhcpcsvc.DLL
0x00007ffe98cb0000 - 0x00007ffe98d7a000 	C:\WINDOWS\SYSTEM32\DNSAPI.dll
0x00000000536e0000 - 0x0000000053704000 	C:\Program Files\Java\jdk1.8.0_171\jre\bin\sunec.dll
0x00007ffe8d650000 - 0x00007ffe8d65a000 	C:\Windows\System32\rasadhlp.dll
0x00007ffe916a0000 - 0x00007ffe91717000 	C:\WINDOWS\System32\fwpuclnt.dll
0x00000000536d0000 - 0x00000000536db000 	C:\Program Files\Java\jdk1.8.0_171\jre\bin\sunmscapi.dll
0x00007ffe99970000 - 0x00007ffe99ab9000 	C:\WINDOWS\System32\CRYPT32.dll
0x00007ffe997b0000 - 0x00007ffe997c2000 	C:\WINDOWS\System32\MSASN1.dll

VM Arguments:
jvm_args: -Xmx1536m -Dfile.encoding=GBK -Duser.country=CN -Duser.language=zh -Duser.variant 
java_command: org.gradle.launcher.daemon.bootstrap.GradleDaemon 5.4.1
java_class_path (initial): C:\Users\35053\.gradle\wrapper\dists\gradle-5.4.1-all\3221gyojl5jsh0helicew7rwx\gradle-5.4.1\lib\gradle-launcher-5.4.1.jar
Launcher Type: SUN_STANDARD

Environment Variables:
JAVA_HOME=C:\Program Files\Java\jdk1.8.0_171
CLASSPATH=.;C:\Program Files\Java\jdk1.8.0_171\lib;C:\Program Files\Java\jdk1.8.0_171\lib\*.jar
PATH=C:\Program Files (x86)\Common Files\Oracle\Java\javapath;C:\Program Files (x86)\Intel\iCLS Client\;C:\Program Files\Intel\iCLS Client\;C:\WINDOWS\system32;C:\WINDOWS;C:\WINDOWS\System32\Wbem;C:\WINDOWS\System32\WindowsPowerShell\v1.0\;C:\Program Files (x86)\Intel\Intel(R) Management Engine Components\DAL;C:\Program Files\Intel\Intel(R) Management Engine Components\DAL;C:\Program Files (x86)\Intel\Intel(R) Management Engine Components\IPT;C:\Program Files\Intel\Intel(R) Management Engine Components\IPT;C:\WINDOWS\System32\OpenSSH\;D:\WEB\Git\cmd;C:\Program Files (x86)\Microsoft SQL Server\100\Tools\Binn\;C:\Program Files\Microsoft SQL Server\100\Tools\Binn\;C:\Program Files\Microsoft SQL Server\100\DTS\Binn\;C:\Program Files (x86)\Microsoft SQL Server\100\Tools\Binn\VSShell\Common7\IDE\;C:\Program Files (x86)\Microsoft SQL Server\100\DTS\Binn\;C:\Program Files (x86)\Microsoft Visual Studio 9.0\Common7\IDE\PrivateAssemblies\;C:\Program Files\Microsoft\Web Platform Installer\;C:\Program Files (x86)\Microsoft ASP.NET\ASP.NET Web Pages\v1.0\;C:\Program Files (x86)\Windows Kits\8.0\Windows Performance Toolkit\;C:\Program Files\Microsoft SQL Server\110\Tools\Binn\;C:\Program Files\Intel\WiFi\bin\;C:\Program Files\Common Files\Intel\WirelessCommon\;C:\Program Files\Java\jdk1.8.0_171\bin;C:\Users\35053\AppData\Local\Microsoft\WindowsApps;%USERPROFILE%\AppData\Local\Microsoft\WindowsApps;
USERNAME=35053
OS=Windows_NT
PROCESSOR_IDENTIFIER=Intel64 Family 6 Model 142 Stepping 9, GenuineIntel



---------------  S Y S T E M  ---------------

OS: Windows 10.0 , 64 bit Build 18362 (10.0.18362.329)

CPU:total 4 (initial active 4) (2 cores per cpu, 2 threads per core) family 6 model 142 stepping 9, cmov, cx8, fxsr, mmx, sse, sse2, sse3, ssse3, sse4.1, sse4.2, popcnt, avx, avx2, aes, clmul, erms, 3dnowpref, lzcnt, ht, tsc, tscinvbit, bmi1, bmi2, adx

Memory: 4k page, physical 8284908k(400456k free), swap 18691944k(5372k free)

vm_info: Java HotSpot(TM) 64-Bit Server VM (25.171-b11) for windows-amd64 JRE (1.8.0_171-b11), built on Mar 28 2018 16:06:12 by "java_re" with MS VC++ 10.0 (VS2010)

time: Sun Dec 01 16:27:30 2019
elapsed time: 3810 seconds (0d 1h 3m 30s)

